10 29, 2022 04:43:04 上午 cn.how2j.diytomcat.catalina.Context <init>
INFO : Deploying web application directory D:\diytomcat\webapps\a
10 29, 2022 04:43:04 上午 cn.how2j.diytomcat.catalina.Context <init>
INFO : Deployment of web application directory D:\diytomcat\webapps\a has finished in 175 ms
10 29, 2022 04:43:04 上午 cn.how2j.diytomcat.catalina.Context <init>
INFO : Deploying web application directory D:\diytomcat\webapps\ROOT
10 29, 2022 04:43:04 上午 cn.how2j.diytomcat.catalina.Context <init>
INFO : Deployment of web application directory D:\diytomcat\webapps\ROOT has finished in 0 ms
10 29, 2022 04:43:04 上午 cn.how2j.diytomcat.catalina.Context <init>
INFO : Deploying web application directory d:/diytomcat/b
10 29, 2022 04:43:04 上午 cn.how2j.diytomcat.catalina.Context <init>
INFO : Deployment of web application directory d:/diytomcat/b has finished in 0 ms
10 29, 2022 04:43:04 上午 cn.how2j.diytomcat.catalina.Server logJVM
INFO : Server version:		How2J DiyTomcat/1.0.1
10 29, 2022 04:43:04 上午 cn.how2j.diytomcat.catalina.Server logJVM
INFO : Server built:		2020-04-08 10:20:22
10 29, 2022 04:43:04 上午 cn.how2j.diytomcat.catalina.Server logJVM
INFO : Server number:		1.0.1
10 29, 2022 04:43:04 上午 cn.how2j.diytomcat.catalina.Server logJVM
INFO : OS Name	:		Windows 10
10 29, 2022 04:43:04 上午 cn.how2j.diytomcat.catalina.Server logJVM
INFO : OS Version:		10.0
10 29, 2022 04:43:04 上午 cn.how2j.diytomcat.catalina.Server logJVM
INFO : Architecture:		amd64
10 29, 2022 04:43:04 上午 cn.how2j.diytomcat.catalina.Server logJVM
INFO : Java Home:		D:\Eclipse\Java\jdk1.8.0_211\jre
10 29, 2022 04:43:04 上午 cn.how2j.diytomcat.catalina.Server logJVM
INFO : JVM Version:		1.8.0_211-b12
10 29, 2022 04:43:04 上午 cn.how2j.diytomcat.catalina.Server logJVM
INFO : JVM Vendor:		Oracle Corporation
10 29, 2022 04:43:21 上午 cn.how2j.diytomcat.catalina.Server$1 error
ERROR: this is a deliberately created exception
java.lang.Exception: this is a deliberately created exception
	at cn.how2j.diytomcat.catalina.Server$1.run(Server.java:56)
	at java.util.concurrent.ThreadPoolExecutor.runWorker(ThreadPoolExecutor.java:1149)
	at java.util.concurrent.ThreadPoolExecutor$Worker.run(ThreadPoolExecutor.java:624)
	at java.lang.Thread.run(Thread.java:748)
10 29, 2022 05:19:04 上午 cn.how2j.diytomcat.catalina.Context <init>
INFO : Deploying web application directory D:\diytomcat\webapps\a
10 29, 2022 05:19:04 上午 cn.how2j.diytomcat.catalina.Context <init>
INFO : Deployment of web application directory D:\diytomcat\webapps\a has finished in 78 ms
10 29, 2022 05:19:04 上午 cn.how2j.diytomcat.catalina.Context <init>
INFO : Deploying web application directory D:\diytomcat\webapps\ROOT
10 29, 2022 05:19:04 上午 cn.how2j.diytomcat.catalina.Context <init>
INFO : Deployment of web application directory D:\diytomcat\webapps\ROOT has finished in 0 ms
10 29, 2022 05:19:04 上午 cn.how2j.diytomcat.catalina.Context <init>
INFO : Deploying web application directory d:/diytomcat/b
10 29, 2022 05:19:04 上午 cn.how2j.diytomcat.catalina.Context <init>
INFO : Deployment of web application directory d:/diytomcat/b has finished in 1 ms
10 29, 2022 05:19:04 上午 cn.how2j.diytomcat.catalina.Server logJVM
INFO : Server version:		How2J DiyTomcat/1.0.1
10 29, 2022 05:19:04 上午 cn.how2j.diytomcat.catalina.Server logJVM
INFO : Server built:		2020-04-08 10:20:22
10 29, 2022 05:19:04 上午 cn.how2j.diytomcat.catalina.Server logJVM
INFO : Server number:		1.0.1
10 29, 2022 05:19:04 上午 cn.how2j.diytomcat.catalina.Server logJVM
INFO : OS Name	:		Windows 10
10 29, 2022 05:19:04 上午 cn.how2j.diytomcat.catalina.Server logJVM
INFO : OS Version:		10.0
10 29, 2022 05:19:04 上午 cn.how2j.diytomcat.catalina.Server logJVM
INFO : Architecture:		amd64
10 29, 2022 05:19:04 上午 cn.how2j.diytomcat.catalina.Server logJVM
INFO : Java Home:		D:\Eclipse\Java\jdk1.8.0_211\jre
10 29, 2022 05:19:04 上午 cn.how2j.diytomcat.catalina.Server logJVM
INFO : JVM Version:		1.8.0_211-b12
10 29, 2022 05:19:04 上午 cn.how2j.diytomcat.catalina.Server logJVM
INFO : JVM Vendor:		Oracle Corporation
10 29, 2022 05:19:04 上午 cn.how2j.diytomcat.catalina.Connector init
INFO : Initializing ProtocolHandler [http-bio-18080]
10 29, 2022 05:19:04 上午 cn.how2j.diytomcat.catalina.Connector init
INFO : Initializing ProtocolHandler [http-bio-18081]
10 29, 2022 05:19:04 上午 cn.how2j.diytomcat.catalina.Connector init
INFO : Initializing ProtocolHandler [http-bio-18082]
10 29, 2022 05:19:04 上午 cn.how2j.diytomcat.catalina.Service init
INFO : Initialization processed in 2 ms
10 29, 2022 05:19:04 上午 cn.how2j.diytomcat.catalina.Connector start
INFO : Starting ProtocolHandler [http-bio-18080]
10 29, 2022 05:19:04 上午 cn.how2j.diytomcat.catalina.Connector start
INFO : Starting ProtocolHandler [http-bio-18081]
10 29, 2022 05:19:04 上午 cn.how2j.diytomcat.catalina.Connector start
INFO : Starting ProtocolHandler [http-bio-18082]
10 29, 2022 05:19:04 上午 cn.how2j.diytomcat.catalina.Server start
INFO : Server startup in 4 ms
10 29, 2022 05:19:12 上午 cn.how2j.diytomcat.catalina.Connector$1 error
ERROR: this is a deliberately created exception
java.lang.Exception: this is a deliberately created exception
	at cn.how2j.diytomcat.catalina.Connector$1.run(Connector.java:56)
	at java.util.concurrent.ThreadPoolExecutor.runWorker(ThreadPoolExecutor.java:1149)
	at java.util.concurrent.ThreadPoolExecutor$Worker.run(ThreadPoolExecutor.java:624)
	at java.lang.Thread.run(Thread.java:748)
10 29, 2022 05:41:45 上午 cn.how2j.diytomcat.catalina.Context <init>
INFO : Deploying web application directory D:\diytomcat\webapps\a
10 29, 2022 05:41:45 上午 cn.how2j.diytomcat.catalina.Context <init>
INFO : Deployment of web application directory D:\diytomcat\webapps\a has finished in 85 ms
10 29, 2022 05:41:45 上午 cn.how2j.diytomcat.catalina.Context <init>
INFO : Deploying web application directory D:\diytomcat\webapps\ROOT
10 29, 2022 05:41:45 上午 cn.how2j.diytomcat.catalina.Context <init>
INFO : Deployment of web application directory D:\diytomcat\webapps\ROOT has finished in 1 ms
10 29, 2022 05:41:45 上午 cn.how2j.diytomcat.catalina.Context <init>
INFO : Deploying web application directory d:/diytomcat/b
10 29, 2022 05:41:45 上午 cn.how2j.diytomcat.catalina.Context <init>
INFO : Deployment of web application directory d:/diytomcat/b has finished in 0 ms
10 29, 2022 05:41:45 上午 cn.how2j.diytomcat.catalina.Server logJVM
INFO : Server version:		How2J DiyTomcat/1.0.1
10 29, 2022 05:41:45 上午 cn.how2j.diytomcat.catalina.Server logJVM
INFO : Server built:		2020-04-08 10:20:22
10 29, 2022 05:41:45 上午 cn.how2j.diytomcat.catalina.Server logJVM
INFO : Server number:		1.0.1
10 29, 2022 05:41:45 上午 cn.how2j.diytomcat.catalina.Server logJVM
INFO : OS Name	:		Windows 10
10 29, 2022 05:41:45 上午 cn.how2j.diytomcat.catalina.Server logJVM
INFO : OS Version:		10.0
10 29, 2022 05:41:45 上午 cn.how2j.diytomcat.catalina.Server logJVM
INFO : Architecture:		amd64
10 29, 2022 05:41:45 上午 cn.how2j.diytomcat.catalina.Server logJVM
INFO : Java Home:		D:\Eclipse\Java\jdk1.8.0_211\jre
10 29, 2022 05:41:45 上午 cn.how2j.diytomcat.catalina.Server logJVM
INFO : JVM Version:		1.8.0_211-b12
10 29, 2022 05:41:45 上午 cn.how2j.diytomcat.catalina.Server logJVM
INFO : JVM Vendor:		Oracle Corporation
10 29, 2022 05:41:45 上午 cn.how2j.diytomcat.catalina.Connector init
INFO : Initializing ProtocolHandler [http-bio-18080]
10 29, 2022 05:41:45 上午 cn.how2j.diytomcat.catalina.Connector init
INFO : Initializing ProtocolHandler [http-bio-18081]
10 29, 2022 05:41:45 上午 cn.how2j.diytomcat.catalina.Connector init
INFO : Initializing ProtocolHandler [http-bio-18082]
10 29, 2022 05:41:45 上午 cn.how2j.diytomcat.catalina.Service init
INFO : Initialization processed in 1 ms
10 29, 2022 05:41:45 上午 cn.how2j.diytomcat.catalina.Connector start
INFO : Starting ProtocolHandler [http-bio-18080]
10 29, 2022 05:41:45 上午 cn.how2j.diytomcat.catalina.Connector start
INFO : Starting ProtocolHandler [http-bio-18081]
10 29, 2022 05:41:45 上午 cn.how2j.diytomcat.catalina.Connector start
INFO : Starting ProtocolHandler [http-bio-18082]
10 29, 2022 05:41:45 上午 cn.how2j.diytomcat.catalina.Server start
INFO : Server startup in 4 ms
10 29, 2022 05:41:50 上午 cn.how2j.diytomcat.catalina.HttpProcessor error
ERROR: this is a deliberately created exception
java.lang.Exception: this is a deliberately created exception
	at cn.how2j.diytomcat.catalina.HttpProcessor.execute(HttpProcessor.java:30)
	at cn.how2j.diytomcat.catalina.Connector$1.run(Connector.java:40)
	at java.util.concurrent.ThreadPoolExecutor.runWorker(ThreadPoolExecutor.java:1149)
	at java.util.concurrent.ThreadPoolExecutor$Worker.run(ThreadPoolExecutor.java:624)
	at java.lang.Thread.run(Thread.java:748)
10 29, 2022 05:45:38 上午 cn.how2j.diytomcat.catalina.HttpProcessor error
ERROR: this is a deliberately created exception
java.lang.Exception: this is a deliberately created exception
	at cn.how2j.diytomcat.catalina.HttpProcessor.execute(HttpProcessor.java:30)
	at cn.how2j.diytomcat.catalina.Connector$1.run(Connector.java:40)
	at java.util.concurrent.ThreadPoolExecutor.runWorker(ThreadPoolExecutor.java:1149)
	at java.util.concurrent.ThreadPoolExecutor$Worker.run(ThreadPoolExecutor.java:624)
	at java.lang.Thread.run(Thread.java:748)
10 29, 2022 05:45:42 上午 cn.how2j.diytomcat.catalina.Context <init>
INFO : Deploying web application directory D:\diytomcat\webapps\a
10 29, 2022 05:45:42 上午 cn.how2j.diytomcat.catalina.Context <init>
INFO : Deployment of web application directory D:\diytomcat\webapps\a has finished in 82 ms
10 29, 2022 05:45:42 上午 cn.how2j.diytomcat.catalina.Context <init>
INFO : Deploying web application directory D:\diytomcat\webapps\ROOT
10 29, 2022 05:45:42 上午 cn.how2j.diytomcat.catalina.Context <init>
INFO : Deployment of web application directory D:\diytomcat\webapps\ROOT has finished in 0 ms
10 29, 2022 05:45:42 上午 cn.how2j.diytomcat.catalina.Context <init>
INFO : Deploying web application directory d:/diytomcat/b
10 29, 2022 05:45:42 上午 cn.how2j.diytomcat.catalina.Context <init>
INFO : Deployment of web application directory d:/diytomcat/b has finished in 0 ms
10 29, 2022 05:45:42 上午 cn.how2j.diytomcat.catalina.Server logJVM
INFO : Server version:		How2J DiyTomcat/1.0.1
10 29, 2022 05:45:42 上午 cn.how2j.diytomcat.catalina.Server logJVM
INFO : Server built:		2020-04-08 10:20:22
10 29, 2022 05:45:42 上午 cn.how2j.diytomcat.catalina.Server logJVM
INFO : Server number:		1.0.1
10 29, 2022 05:45:42 上午 cn.how2j.diytomcat.catalina.Server logJVM
INFO : OS Name	:		Windows 10
10 29, 2022 05:45:42 上午 cn.how2j.diytomcat.catalina.Server logJVM
INFO : OS Version:		10.0
10 29, 2022 05:45:42 上午 cn.how2j.diytomcat.catalina.Server logJVM
INFO : Architecture:		amd64
10 29, 2022 05:45:42 上午 cn.how2j.diytomcat.catalina.Server logJVM
INFO : Java Home:		D:\Eclipse\Java\jdk1.8.0_211\jre
10 29, 2022 05:45:42 上午 cn.how2j.diytomcat.catalina.Server logJVM
INFO : JVM Version:		1.8.0_211-b12
10 29, 2022 05:45:42 上午 cn.how2j.diytomcat.catalina.Server logJVM
INFO : JVM Vendor:		Oracle Corporation
10 29, 2022 05:45:42 上午 cn.how2j.diytomcat.catalina.Connector init
INFO : Initializing ProtocolHandler [http-bio-18080]
10 29, 2022 05:45:42 上午 cn.how2j.diytomcat.catalina.Connector init
INFO : Initializing ProtocolHandler [http-bio-18081]
10 29, 2022 05:45:42 上午 cn.how2j.diytomcat.catalina.Connector init
INFO : Initializing ProtocolHandler [http-bio-18082]
10 29, 2022 05:45:42 上午 cn.how2j.diytomcat.catalina.Service init
INFO : Initialization processed in 2 ms
10 29, 2022 05:45:42 上午 cn.how2j.diytomcat.catalina.Connector start
INFO : Starting ProtocolHandler [http-bio-18080]
10 29, 2022 05:45:42 上午 cn.how2j.diytomcat.catalina.Connector start
INFO : Starting ProtocolHandler [http-bio-18081]
10 29, 2022 05:45:42 上午 cn.how2j.diytomcat.catalina.Connector start
INFO : Starting ProtocolHandler [http-bio-18082]
10 29, 2022 05:45:42 上午 cn.how2j.diytomcat.catalina.Server start
INFO : Server startup in 4 ms
10 29, 2022 05:45:50 上午 cn.how2j.diytomcat.catalina.HttpProcessor error
ERROR: this is a deliberately created exception
java.lang.Exception: this is a deliberately created exception
	at cn.how2j.diytomcat.catalina.HttpProcessor.execute(HttpProcessor.java:30)
	at cn.how2j.diytomcat.catalina.Connector$1.run(Connector.java:40)
	at java.util.concurrent.ThreadPoolExecutor.runWorker(ThreadPoolExecutor.java:1149)
	at java.util.concurrent.ThreadPoolExecutor$Worker.run(ThreadPoolExecutor.java:624)
	at java.lang.Thread.run(Thread.java:748)
10 29, 2022 14:10:38 下午 cn.how2j.diytomcat.catalina.Context deploy
INFO : Deploying web application directory D:\diytomcat\webapps\a
10 29, 2022 14:10:38 下午 cn.how2j.diytomcat.catalina.Context deploy
INFO : Deployment of web application directory D:\diytomcat\webapps\a has finished in 87 ms
10 29, 2022 14:10:38 下午 cn.how2j.diytomcat.catalina.Context deploy
INFO : Deploying web application directory D:\diytomcat\webapps\j2ee
10 29, 2022 14:10:38 下午 cn.how2j.diytomcat.catalina.Context deploy
INFO : Deployment of web application directory D:\diytomcat\webapps\j2ee has finished in 3 ms
10 29, 2022 14:10:38 下午 cn.how2j.diytomcat.catalina.Context deploy
INFO : Deploying web application directory D:\diytomcat\webapps\ROOT
10 29, 2022 14:10:38 下午 cn.how2j.diytomcat.catalina.Context deploy
INFO : Deployment of web application directory D:\diytomcat\webapps\ROOT has finished in 0 ms
10 29, 2022 14:10:38 下午 cn.how2j.diytomcat.catalina.Context deploy
INFO : Deploying web application directory d:/diytomcat/b
10 29, 2022 14:10:38 下午 cn.how2j.diytomcat.catalina.Context deploy
INFO : Deployment of web application directory d:/diytomcat/b has finished in 1 ms
10 29, 2022 14:10:39 下午 cn.how2j.diytomcat.catalina.Server logJVM
INFO : Server version:		How2J DiyTomcat/1.0.1
10 29, 2022 14:10:39 下午 cn.how2j.diytomcat.catalina.Server logJVM
INFO : Server built:		2020-04-08 10:20:22
10 29, 2022 14:10:39 下午 cn.how2j.diytomcat.catalina.Server logJVM
INFO : Server number:		1.0.1
10 29, 2022 14:10:39 下午 cn.how2j.diytomcat.catalina.Server logJVM
INFO : OS Name	:		Windows 10
10 29, 2022 14:10:39 下午 cn.how2j.diytomcat.catalina.Server logJVM
INFO : OS Version:		10.0
10 29, 2022 14:10:39 下午 cn.how2j.diytomcat.catalina.Server logJVM
INFO : Architecture:		amd64
10 29, 2022 14:10:39 下午 cn.how2j.diytomcat.catalina.Server logJVM
INFO : Java Home:		D:\Eclipse\Java\jdk1.8.0_211\jre
10 29, 2022 14:10:39 下午 cn.how2j.diytomcat.catalina.Server logJVM
INFO : JVM Version:		1.8.0_211-b12
10 29, 2022 14:10:39 下午 cn.how2j.diytomcat.catalina.Server logJVM
INFO : JVM Vendor:		Oracle Corporation
10 29, 2022 14:10:39 下午 cn.how2j.diytomcat.catalina.Connector init
INFO : Initializing ProtocolHandler [http-bio-18080]
10 29, 2022 14:10:39 下午 cn.how2j.diytomcat.catalina.Connector init
INFO : Initializing ProtocolHandler [http-bio-18081]
10 29, 2022 14:10:39 下午 cn.how2j.diytomcat.catalina.Connector init
INFO : Initializing ProtocolHandler [http-bio-18082]
10 29, 2022 14:10:39 下午 cn.how2j.diytomcat.catalina.Service init
INFO : Initialization processed in 1 ms
10 29, 2022 14:10:39 下午 cn.how2j.diytomcat.catalina.Connector start
INFO : Starting ProtocolHandler [http-bio-18080]
10 29, 2022 14:10:39 下午 cn.how2j.diytomcat.catalina.Connector start
INFO : Starting ProtocolHandler [http-bio-18081]
10 29, 2022 14:10:39 下午 cn.how2j.diytomcat.catalina.Connector start
INFO : Starting ProtocolHandler [http-bio-18082]
10 29, 2022 14:10:39 下午 cn.how2j.diytomcat.catalina.Server start
INFO : Server startup in 4 ms
10 29, 2022 14:10:50 下午 cn.how2j.diytomcat.catalina.HttpProcessor error
ERROR: this is a deliberately created exception
java.lang.Exception: this is a deliberately created exception
	at cn.how2j.diytomcat.catalina.HttpProcessor.execute(HttpProcessor.java:39)
	at cn.how2j.diytomcat.catalina.Connector$1.run(Connector.java:40)
	at java.util.concurrent.ThreadPoolExecutor.runWorker(ThreadPoolExecutor.java:1149)
	at java.util.concurrent.ThreadPoolExecutor$Worker.run(ThreadPoolExecutor.java:624)
	at java.lang.Thread.run(Thread.java:748)
