10 25, 2022 14:13:50 下午 cn.how2j.diytomcat.catalina.Context <init>
INFO : Deploying web application directory D:\diytomcat\webapps\a
10 25, 2022 14:13:50 下午 cn.how2j.diytomcat.catalina.Context <init>
INFO : Deployment of web application directory D:\diytomcat\webapps\a has finished in 93 ms
10 25, 2022 14:13:50 下午 cn.how2j.diytomcat.catalina.Context <init>
INFO : Deploying web application directory D:\diytomcat\webapps\ROOT
10 25, 2022 14:13:50 下午 cn.how2j.diytomcat.catalina.Context <init>
INFO : Deployment of web application directory D:\diytomcat\webapps\ROOT has finished in 0 ms
10 25, 2022 14:13:50 下午 cn.how2j.diytomcat.catalina.Context <init>
INFO : Deploying web application directory d:/diytomcat/b
10 25, 2022 14:13:51 下午 cn.how2j.diytomcat.catalina.Context <init>
INFO : Deployment of web application directory d:/diytomcat/b has finished in 1 ms
10 25, 2022 14:13:51 下午 cn.how2j.diytomcat.catalina.Server logJVM
INFO : Server version:		How2J DiyTomcat/1.0.1
10 25, 2022 14:13:51 下午 cn.how2j.diytomcat.catalina.Server logJVM
INFO : Server built:		2020-04-08 10:20:22
10 25, 2022 14:13:51 下午 cn.how2j.diytomcat.catalina.Server logJVM
INFO : Server number:		1.0.1
10 25, 2022 14:13:51 下午 cn.how2j.diytomcat.catalina.Server logJVM
INFO : OS Name	:		Windows 10
10 25, 2022 14:13:51 下午 cn.how2j.diytomcat.catalina.Server logJVM
INFO : OS Version:		10.0
10 25, 2022 14:13:51 下午 cn.how2j.diytomcat.catalina.Server logJVM
INFO : Architecture:		amd64
10 25, 2022 14:13:51 下午 cn.how2j.diytomcat.catalina.Server logJVM
INFO : Java Home:		D:\Eclipse\Java\jdk1.8.0_211\jre
10 25, 2022 14:13:51 下午 cn.how2j.diytomcat.catalina.Server logJVM
INFO : JVM Version:		1.8.0_211-b12
10 25, 2022 14:13:51 下午 cn.how2j.diytomcat.catalina.Server logJVM
INFO : JVM Vendor:		Oracle Corporation
10 25, 2022 14:14:01 下午 cn.how2j.diytomcat.catalina.Server$1 error
ERROR: this is a deliberately created exception
java.lang.Exception: this is a deliberately created exception
	at cn.how2j.diytomcat.catalina.Server$1.run(Server.java:56)
	at java.util.concurrent.ThreadPoolExecutor.runWorker(ThreadPoolExecutor.java:1149)
	at java.util.concurrent.ThreadPoolExecutor$Worker.run(ThreadPoolExecutor.java:624)
	at java.lang.Thread.run(Thread.java:748)
