11 03, 2022 06:11:14 上午 cn.how2j.diytomcat.catalina.Context <init>
INFO : Deploying web application directory D:\diytomcat\webapps\a
11 03, 2022 06:11:15 上午 cn.how2j.diytomcat.catalina.Context <init>
INFO : Deployment of web application directory D:\diytomcat\webapps\a has finished in 142 ms
11 03, 2022 06:11:15 上午 cn.how2j.diytomcat.catalina.Context <init>
INFO : Deploying web application directory D:\diytomcat\webapps\j2ee
11 03, 2022 06:11:15 上午 cn.how2j.diytomcat.catalina.Context <init>
INFO : Deployment of web application directory D:\diytomcat\webapps\j2ee has finished in 12 ms
11 03, 2022 06:11:15 上午 cn.how2j.diytomcat.catalina.Context <init>
INFO : Deploying web application directory D:\diytomcat\webapps\ROOT
11 03, 2022 06:11:15 上午 cn.how2j.diytomcat.catalina.Context <init>
INFO : Deployment of web application directory D:\diytomcat\webapps\ROOT has finished in 1 ms
11 03, 2022 06:11:15 上午 cn.how2j.diytomcat.catalina.Context <init>
INFO : Deploying web application directory d:/project/diytomcat/b
11 03, 2022 06:11:15 上午 cn.how2j.diytomcat.catalina.Context <init>
INFO : Deployment of web application directory d:/project/diytomcat/b has finished in 2 ms
11 03, 2022 06:11:15 上午 cn.how2j.diytomcat.catalina.Context <init>
INFO : Deploying web application directory d:/project/javaweb/web
11 03, 2022 06:11:15 上午 cn.how2j.diytomcat.catalina.Context <init>
INFO : Deployment of web application directory d:/project/javaweb/web has finished in 3 ms
11 03, 2022 06:11:15 上午 cn.how2j.diytomcat.catalina.Server logJVM
INFO : Server version:		How2J DiyTomcat/1.0.1
11 03, 2022 06:11:15 上午 cn.how2j.diytomcat.catalina.Server logJVM
INFO : Server built:		2020-04-08 10:20:22
11 03, 2022 06:11:15 上午 cn.how2j.diytomcat.catalina.Server logJVM
INFO : Server number:		1.0.1
11 03, 2022 06:11:15 上午 cn.how2j.diytomcat.catalina.Server logJVM
INFO : OS Name	:		Windows 10
11 03, 2022 06:11:15 上午 cn.how2j.diytomcat.catalina.Server logJVM
INFO : OS Version:		10.0
11 03, 2022 06:11:15 上午 cn.how2j.diytomcat.catalina.Server logJVM
INFO : Architecture:		amd64
11 03, 2022 06:11:15 上午 cn.how2j.diytomcat.catalina.Server logJVM
INFO : Java Home:		D:\Eclipse\Java\jdk1.8.0_211\jre
11 03, 2022 06:11:15 上午 cn.how2j.diytomcat.catalina.Server logJVM
INFO : JVM Version:		1.8.0_211-b12
11 03, 2022 06:11:15 上午 cn.how2j.diytomcat.catalina.Server logJVM
INFO : JVM Vendor:		Oracle Corporation
11 03, 2022 06:11:15 上午 cn.how2j.diytomcat.catalina.Connector init
INFO : Initializing ProtocolHandler [http-bio-18080]
11 03, 2022 06:11:15 上午 cn.how2j.diytomcat.catalina.Connector init
INFO : Initializing ProtocolHandler [http-bio-18081]
11 03, 2022 06:11:15 上午 cn.how2j.diytomcat.catalina.Connector init
INFO : Initializing ProtocolHandler [http-bio-18082]
11 03, 2022 06:11:15 上午 cn.how2j.diytomcat.catalina.Service init
INFO : Initialization processed in 0 ms
11 03, 2022 06:11:15 上午 cn.how2j.diytomcat.catalina.Connector start
INFO : Starting ProtocolHandler [http-bio-18080]
11 03, 2022 06:11:15 上午 cn.how2j.diytomcat.catalina.Connector start
INFO : Starting ProtocolHandler [http-bio-18081]
11 03, 2022 06:11:15 上午 cn.how2j.diytomcat.catalina.Connector start
INFO : Starting ProtocolHandler [http-bio-18082]
11 03, 2022 06:11:15 上午 cn.how2j.diytomcat.catalina.Server start
INFO : Server startup in 3 ms
11 03, 2022 06:11:26 上午 cn.how2j.diytomcat.catalina.HttpProcessor error
ERROR: this is a deliberately created exception
java.lang.RuntimeException: this is a deliberately created exception
	at cn.how2j.diytomcat.servlets.DefaultServlet.service(DefaultServlet.java:40)
	at cn.how2j.diytomcat.catalina.HttpProcessor.execute(HttpProcessor.java:32)
	at cn.how2j.diytomcat.catalina.Connector$1.run(Connector.java:76)
	at java.util.concurrent.ThreadPoolExecutor.runWorker(ThreadPoolExecutor.java:1149)
	at java.util.concurrent.ThreadPoolExecutor$Worker.run(ThreadPoolExecutor.java:624)
	at java.lang.Thread.run(Thread.java:748)
11 03, 2022 06:11:26 上午 cn.how2j.diytomcat.catalina.HttpProcessor error
ERROR: java.lang.ClassNotFoundException: cn.how2j.javaweb.HelloServlet
java.lang.RuntimeException: java.lang.ClassNotFoundException: cn.how2j.javaweb.HelloServlet
	at cn.how2j.diytomcat.servlets.InvokerServlet.service(InvokerServlet.java:42)
	at cn.how2j.diytomcat.catalina.HttpProcessor.execute(HttpProcessor.java:30)
	at cn.how2j.diytomcat.catalina.Connector$1.run(Connector.java:76)
	at java.util.concurrent.ThreadPoolExecutor.runWorker(ThreadPoolExecutor.java:1149)
	at java.util.concurrent.ThreadPoolExecutor$Worker.run(ThreadPoolExecutor.java:624)
	at java.lang.Thread.run(Thread.java:748)
Caused by: java.lang.ClassNotFoundException: cn.how2j.javaweb.HelloServlet
	at java.net.URLClassLoader.findClass(URLClassLoader.java:382)
	at java.lang.ClassLoader.loadClass(ClassLoader.java:424)
	at java.lang.ClassLoader.loadClass(ClassLoader.java:357)
	at cn.how2j.diytomcat.servlets.InvokerServlet.service(InvokerServlet.java:36)
	... 5 more
11 03, 2022 06:15:09 上午 cn.how2j.diytomcat.catalina.HttpProcessor error
ERROR: java.lang.ClassNotFoundException: cn.how2j.javaweb.HelloServlet
java.lang.RuntimeException: java.lang.ClassNotFoundException: cn.how2j.javaweb.HelloServlet
	at cn.how2j.diytomcat.servlets.InvokerServlet.service(InvokerServlet.java:42)
	at cn.how2j.diytomcat.catalina.HttpProcessor.execute(HttpProcessor.java:30)
	at cn.how2j.diytomcat.catalina.Connector$1.run(Connector.java:76)
	at java.util.concurrent.ThreadPoolExecutor.runWorker(ThreadPoolExecutor.java:1149)
	at java.util.concurrent.ThreadPoolExecutor$Worker.run(ThreadPoolExecutor.java:624)
	at java.lang.Thread.run(Thread.java:748)
Caused by: java.lang.ClassNotFoundException: cn.how2j.javaweb.HelloServlet
	at java.net.URLClassLoader.findClass(URLClassLoader.java:382)
	at java.lang.ClassLoader.loadClass(ClassLoader.java:424)
	at java.lang.ClassLoader.loadClass(ClassLoader.java:357)
	at cn.how2j.diytomcat.servlets.InvokerServlet.service(InvokerServlet.java:36)
	... 5 more
11 03, 2022 06:15:09 上午 cn.how2j.diytomcat.catalina.HttpProcessor error
ERROR: this is a deliberately created exception
java.lang.RuntimeException: this is a deliberately created exception
	at cn.how2j.diytomcat.servlets.DefaultServlet.service(DefaultServlet.java:40)
	at cn.how2j.diytomcat.catalina.HttpProcessor.execute(HttpProcessor.java:32)
	at cn.how2j.diytomcat.catalina.Connector$1.run(Connector.java:76)
	at java.util.concurrent.ThreadPoolExecutor.runWorker(ThreadPoolExecutor.java:1149)
	at java.util.concurrent.ThreadPoolExecutor$Worker.run(ThreadPoolExecutor.java:624)
	at java.lang.Thread.run(Thread.java:748)
11 03, 2022 06:15:17 上午 cn.how2j.diytomcat.catalina.Context <init>
INFO : Deploying web application directory D:\diytomcat\webapps\a
11 03, 2022 06:15:17 上午 cn.how2j.diytomcat.catalina.Context <init>
INFO : Deployment of web application directory D:\diytomcat\webapps\a has finished in 85 ms
11 03, 2022 06:15:17 上午 cn.how2j.diytomcat.catalina.Context <init>
INFO : Deploying web application directory D:\diytomcat\webapps\j2ee
11 03, 2022 06:15:17 上午 cn.how2j.diytomcat.catalina.Context <init>
INFO : Deployment of web application directory D:\diytomcat\webapps\j2ee has finished in 6 ms
11 03, 2022 06:15:17 上午 cn.how2j.diytomcat.catalina.Context <init>
INFO : Deploying web application directory D:\diytomcat\webapps\ROOT
11 03, 2022 06:15:17 上午 cn.how2j.diytomcat.catalina.Context <init>
INFO : Deployment of web application directory D:\diytomcat\webapps\ROOT has finished in 1 ms
11 03, 2022 06:15:17 上午 cn.how2j.diytomcat.catalina.Context <init>
INFO : Deploying web application directory d:/project/diytomcat/b
11 03, 2022 06:15:17 上午 cn.how2j.diytomcat.catalina.Context <init>
INFO : Deployment of web application directory d:/project/diytomcat/b has finished in 1 ms
11 03, 2022 06:15:17 上午 cn.how2j.diytomcat.catalina.Context <init>
INFO : Deploying web application directory d:/project/javaweb/web
11 03, 2022 06:15:17 上午 cn.how2j.diytomcat.catalina.Context <init>
INFO : Deployment of web application directory d:/project/javaweb/web has finished in 0 ms
11 03, 2022 06:15:17 上午 cn.how2j.diytomcat.catalina.Server logJVM
INFO : Server version:		How2J DiyTomcat/1.0.1
11 03, 2022 06:15:17 上午 cn.how2j.diytomcat.catalina.Server logJVM
INFO : Server built:		2020-04-08 10:20:22
11 03, 2022 06:15:17 上午 cn.how2j.diytomcat.catalina.Server logJVM
INFO : Server number:		1.0.1
11 03, 2022 06:15:17 上午 cn.how2j.diytomcat.catalina.Server logJVM
INFO : OS Name	:		Windows 10
11 03, 2022 06:15:17 上午 cn.how2j.diytomcat.catalina.Server logJVM
INFO : OS Version:		10.0
11 03, 2022 06:15:17 上午 cn.how2j.diytomcat.catalina.Server logJVM
INFO : Architecture:		amd64
11 03, 2022 06:15:17 上午 cn.how2j.diytomcat.catalina.Server logJVM
INFO : Java Home:		D:\Eclipse\Java\jdk1.8.0_211\jre
11 03, 2022 06:15:17 上午 cn.how2j.diytomcat.catalina.Server logJVM
INFO : JVM Version:		1.8.0_211-b12
11 03, 2022 06:15:17 上午 cn.how2j.diytomcat.catalina.Server logJVM
INFO : JVM Vendor:		Oracle Corporation
11 03, 2022 06:15:17 上午 cn.how2j.diytomcat.catalina.Connector init
INFO : Initializing ProtocolHandler [http-bio-18080]
11 03, 2022 06:15:17 上午 cn.how2j.diytomcat.catalina.Connector init
INFO : Initializing ProtocolHandler [http-bio-18081]
11 03, 2022 06:15:17 上午 cn.how2j.diytomcat.catalina.Connector init
INFO : Initializing ProtocolHandler [http-bio-18082]
11 03, 2022 06:15:17 上午 cn.how2j.diytomcat.catalina.Service init
INFO : Initialization processed in 0 ms
11 03, 2022 06:15:17 上午 cn.how2j.diytomcat.catalina.Connector start
INFO : Starting ProtocolHandler [http-bio-18080]
11 03, 2022 06:15:17 上午 cn.how2j.diytomcat.catalina.Connector start
INFO : Starting ProtocolHandler [http-bio-18081]
11 03, 2022 06:15:17 上午 cn.how2j.diytomcat.catalina.Connector start
INFO : Starting ProtocolHandler [http-bio-18082]
11 03, 2022 06:15:17 上午 cn.how2j.diytomcat.catalina.Server start
INFO : Server startup in 3 ms
11 03, 2022 06:15:25 上午 cn.how2j.diytomcat.catalina.HttpProcessor error
ERROR: this is a deliberately created exception
java.lang.RuntimeException: this is a deliberately created exception
	at cn.how2j.diytomcat.servlets.DefaultServlet.service(DefaultServlet.java:40)
	at cn.how2j.diytomcat.catalina.HttpProcessor.execute(HttpProcessor.java:32)
	at cn.how2j.diytomcat.catalina.Connector$1.run(Connector.java:76)
	at java.util.concurrent.ThreadPoolExecutor.runWorker(ThreadPoolExecutor.java:1149)
	at java.util.concurrent.ThreadPoolExecutor$Worker.run(ThreadPoolExecutor.java:624)
	at java.lang.Thread.run(Thread.java:748)
11 03, 2022 06:15:25 上午 cn.how2j.diytomcat.catalina.HttpProcessor error
ERROR: java.lang.ClassNotFoundException: cn.how2j.javaweb.HelloServlet
java.lang.RuntimeException: java.lang.ClassNotFoundException: cn.how2j.javaweb.HelloServlet
	at cn.how2j.diytomcat.servlets.InvokerServlet.service(InvokerServlet.java:42)
	at cn.how2j.diytomcat.catalina.HttpProcessor.execute(HttpProcessor.java:30)
	at cn.how2j.diytomcat.catalina.Connector$1.run(Connector.java:76)
	at java.util.concurrent.ThreadPoolExecutor.runWorker(ThreadPoolExecutor.java:1149)
	at java.util.concurrent.ThreadPoolExecutor$Worker.run(ThreadPoolExecutor.java:624)
	at java.lang.Thread.run(Thread.java:748)
Caused by: java.lang.ClassNotFoundException: cn.how2j.javaweb.HelloServlet
	at java.net.URLClassLoader.findClass(URLClassLoader.java:382)
	at java.lang.ClassLoader.loadClass(ClassLoader.java:424)
	at java.lang.ClassLoader.loadClass(ClassLoader.java:357)
	at cn.how2j.diytomcat.servlets.InvokerServlet.service(InvokerServlet.java:36)
	... 5 more
11 03, 2022 06:17:08 上午 cn.how2j.diytomcat.catalina.HttpProcessor error
ERROR: java.lang.ClassNotFoundException: cn.how2j.javaweb.HelloServlet
java.lang.RuntimeException: java.lang.ClassNotFoundException: cn.how2j.javaweb.HelloServlet
	at cn.how2j.diytomcat.servlets.InvokerServlet.service(InvokerServlet.java:42)
	at cn.how2j.diytomcat.catalina.HttpProcessor.execute(HttpProcessor.java:30)
	at cn.how2j.diytomcat.catalina.Connector$1.run(Connector.java:76)
	at java.util.concurrent.ThreadPoolExecutor.runWorker(ThreadPoolExecutor.java:1149)
	at java.util.concurrent.ThreadPoolExecutor$Worker.run(ThreadPoolExecutor.java:624)
	at java.lang.Thread.run(Thread.java:748)
Caused by: java.lang.ClassNotFoundException: cn.how2j.javaweb.HelloServlet
	at java.net.URLClassLoader.findClass(URLClassLoader.java:382)
	at java.lang.ClassLoader.loadClass(ClassLoader.java:424)
	at java.lang.ClassLoader.loadClass(ClassLoader.java:357)
	at cn.how2j.diytomcat.servlets.InvokerServlet.service(InvokerServlet.java:36)
	... 5 more
11 03, 2022 06:17:08 上午 cn.how2j.diytomcat.catalina.HttpProcessor error
ERROR: this is a deliberately created exception
java.lang.RuntimeException: this is a deliberately created exception
	at cn.how2j.diytomcat.servlets.DefaultServlet.service(DefaultServlet.java:40)
	at cn.how2j.diytomcat.catalina.HttpProcessor.execute(HttpProcessor.java:32)
	at cn.how2j.diytomcat.catalina.Connector$1.run(Connector.java:76)
	at java.util.concurrent.ThreadPoolExecutor.runWorker(ThreadPoolExecutor.java:1149)
	at java.util.concurrent.ThreadPoolExecutor$Worker.run(ThreadPoolExecutor.java:624)
	at java.lang.Thread.run(Thread.java:748)
11 03, 2022 06:19:56 上午 cn.how2j.diytomcat.catalina.Context <init>
INFO : Deploying web application directory D:\diytomcat\webapps\a
11 03, 2022 06:19:56 上午 cn.how2j.diytomcat.catalina.Context <init>
INFO : Deployment of web application directory D:\diytomcat\webapps\a has finished in 137 ms
11 03, 2022 06:19:56 上午 cn.how2j.diytomcat.catalina.Context <init>
INFO : Deploying web application directory D:\diytomcat\webapps\j2ee
11 03, 2022 06:19:56 上午 cn.how2j.diytomcat.catalina.Context <init>
INFO : Deployment of web application directory D:\diytomcat\webapps\j2ee has finished in 7 ms
11 03, 2022 06:19:56 上午 cn.how2j.diytomcat.catalina.Context <init>
INFO : Deploying web application directory D:\diytomcat\webapps\ROOT
11 03, 2022 06:19:56 上午 cn.how2j.diytomcat.catalina.Context <init>
INFO : Deployment of web application directory D:\diytomcat\webapps\ROOT has finished in 2 ms
11 03, 2022 06:19:56 上午 cn.how2j.diytomcat.catalina.Context <init>
INFO : Deploying web application directory d:/project/diytomcat/b
11 03, 2022 06:19:56 上午 cn.how2j.diytomcat.catalina.Context <init>
INFO : Deployment of web application directory d:/project/diytomcat/b has finished in 1 ms
11 03, 2022 06:19:56 上午 cn.how2j.diytomcat.catalina.Context <init>
INFO : Deploying web application directory d:/project/javaweb/web
11 03, 2022 06:19:56 上午 cn.how2j.diytomcat.catalina.Context <init>
INFO : Deployment of web application directory d:/project/javaweb/web has finished in 1 ms
11 03, 2022 06:19:56 上午 cn.how2j.diytomcat.catalina.Server logJVM
INFO : Server version:		How2J DiyTomcat/1.0.1
11 03, 2022 06:19:56 上午 cn.how2j.diytomcat.catalina.Server logJVM
INFO : Server built:		2020-04-08 10:20:22
11 03, 2022 06:19:56 上午 cn.how2j.diytomcat.catalina.Server logJVM
INFO : Server number:		1.0.1
11 03, 2022 06:19:56 上午 cn.how2j.diytomcat.catalina.Server logJVM
INFO : OS Name	:		Windows 10
11 03, 2022 06:19:56 上午 cn.how2j.diytomcat.catalina.Server logJVM
INFO : OS Version:		10.0
11 03, 2022 06:19:56 上午 cn.how2j.diytomcat.catalina.Server logJVM
INFO : Architecture:		amd64
11 03, 2022 06:19:56 上午 cn.how2j.diytomcat.catalina.Server logJVM
INFO : Java Home:		D:\Eclipse\Java\jdk1.8.0_211\jre
11 03, 2022 06:19:56 上午 cn.how2j.diytomcat.catalina.Server logJVM
INFO : JVM Version:		1.8.0_211-b12
11 03, 2022 06:19:56 上午 cn.how2j.diytomcat.catalina.Server logJVM
INFO : JVM Vendor:		Oracle Corporation
11 03, 2022 06:19:56 上午 cn.how2j.diytomcat.catalina.Connector init
INFO : Initializing ProtocolHandler [http-bio-18080]
11 03, 2022 06:19:56 上午 cn.how2j.diytomcat.catalina.Connector init
INFO : Initializing ProtocolHandler [http-bio-18081]
11 03, 2022 06:19:56 上午 cn.how2j.diytomcat.catalina.Connector init
INFO : Initializing ProtocolHandler [http-bio-18082]
11 03, 2022 06:19:56 上午 cn.how2j.diytomcat.catalina.Service init
INFO : Initialization processed in 0 ms
11 03, 2022 06:19:56 上午 cn.how2j.diytomcat.catalina.Connector start
INFO : Starting ProtocolHandler [http-bio-18080]
11 03, 2022 06:19:56 上午 cn.how2j.diytomcat.catalina.Connector start
INFO : Starting ProtocolHandler [http-bio-18081]
11 03, 2022 06:19:56 上午 cn.how2j.diytomcat.catalina.Connector start
INFO : Starting ProtocolHandler [http-bio-18082]
11 03, 2022 06:19:56 上午 cn.how2j.diytomcat.catalina.Server start
INFO : Server startup in 3 ms
11 03, 2022 06:20:05 上午 cn.how2j.diytomcat.catalina.HttpProcessor error
ERROR: this is a deliberately created exception
java.lang.RuntimeException: this is a deliberately created exception
	at cn.how2j.diytomcat.servlets.DefaultServlet.service(DefaultServlet.java:40)
	at cn.how2j.diytomcat.catalina.HttpProcessor.execute(HttpProcessor.java:32)
	at cn.how2j.diytomcat.catalina.Connector$1.run(Connector.java:76)
	at java.util.concurrent.ThreadPoolExecutor.runWorker(ThreadPoolExecutor.java:1149)
	at java.util.concurrent.ThreadPoolExecutor$Worker.run(ThreadPoolExecutor.java:624)
	at java.lang.Thread.run(Thread.java:748)
11 03, 2022 06:20:05 上午 cn.how2j.diytomcat.catalina.HttpProcessor error
ERROR: java.lang.ClassNotFoundException: cn.how2j.javaweb.HelloServlet
java.lang.RuntimeException: java.lang.ClassNotFoundException: cn.how2j.javaweb.HelloServlet
	at cn.how2j.diytomcat.servlets.InvokerServlet.service(InvokerServlet.java:42)
	at cn.how2j.diytomcat.catalina.HttpProcessor.execute(HttpProcessor.java:30)
	at cn.how2j.diytomcat.catalina.Connector$1.run(Connector.java:76)
	at java.util.concurrent.ThreadPoolExecutor.runWorker(ThreadPoolExecutor.java:1149)
	at java.util.concurrent.ThreadPoolExecutor$Worker.run(ThreadPoolExecutor.java:624)
	at java.lang.Thread.run(Thread.java:748)
Caused by: java.lang.ClassNotFoundException: cn.how2j.javaweb.HelloServlet
	at java.net.URLClassLoader.findClass(URLClassLoader.java:382)
	at java.lang.ClassLoader.loadClass(ClassLoader.java:424)
	at java.lang.ClassLoader.loadClass(ClassLoader.java:357)
	at cn.how2j.diytomcat.servlets.InvokerServlet.service(InvokerServlet.java:36)
	... 5 more
11 03, 2022 06:22:23 上午 cn.how2j.diytomcat.catalina.Context <init>
INFO : Deploying web application directory D:\diytomcat\webapps\a
11 03, 2022 06:22:23 上午 cn.how2j.diytomcat.catalina.Context <init>
INFO : Deployment of web application directory D:\diytomcat\webapps\a has finished in 99 ms
11 03, 2022 06:22:23 上午 cn.how2j.diytomcat.catalina.Context <init>
INFO : Deploying web application directory D:\diytomcat\webapps\j2ee
11 03, 2022 06:22:23 上午 cn.how2j.diytomcat.catalina.Context <init>
INFO : Deployment of web application directory D:\diytomcat\webapps\j2ee has finished in 7 ms
11 03, 2022 06:22:23 上午 cn.how2j.diytomcat.catalina.Context <init>
INFO : Deploying web application directory D:\diytomcat\webapps\ROOT
11 03, 2022 06:22:23 上午 cn.how2j.diytomcat.catalina.Context <init>
INFO : Deployment of web application directory D:\diytomcat\webapps\ROOT has finished in 2 ms
11 03, 2022 06:22:23 上午 cn.how2j.diytomcat.catalina.Context <init>
INFO : Deploying web application directory d:/project/diytomcat/b
11 03, 2022 06:22:23 上午 cn.how2j.diytomcat.catalina.Context <init>
INFO : Deployment of web application directory d:/project/diytomcat/b has finished in 2 ms
11 03, 2022 06:22:23 上午 cn.how2j.diytomcat.catalina.Context <init>
INFO : Deploying web application directory d:/project/javaweb/web
11 03, 2022 06:22:23 上午 cn.how2j.diytomcat.catalina.Context <init>
INFO : Deployment of web application directory d:/project/javaweb/web has finished in 2 ms
11 03, 2022 06:22:23 上午 cn.how2j.diytomcat.catalina.Server logJVM
INFO : Server version:		How2J DiyTomcat/1.0.1
11 03, 2022 06:22:23 上午 cn.how2j.diytomcat.catalina.Server logJVM
INFO : Server built:		2020-04-08 10:20:22
11 03, 2022 06:22:23 上午 cn.how2j.diytomcat.catalina.Server logJVM
INFO : Server number:		1.0.1
11 03, 2022 06:22:23 上午 cn.how2j.diytomcat.catalina.Server logJVM
INFO : OS Name	:		Windows 10
11 03, 2022 06:22:23 上午 cn.how2j.diytomcat.catalina.Server logJVM
INFO : OS Version:		10.0
11 03, 2022 06:22:23 上午 cn.how2j.diytomcat.catalina.Server logJVM
INFO : Architecture:		amd64
11 03, 2022 06:22:23 上午 cn.how2j.diytomcat.catalina.Server logJVM
INFO : Java Home:		D:\Eclipse\Java\jdk1.8.0_211\jre
11 03, 2022 06:22:23 上午 cn.how2j.diytomcat.catalina.Server logJVM
INFO : JVM Version:		1.8.0_211-b12
11 03, 2022 06:22:23 上午 cn.how2j.diytomcat.catalina.Server logJVM
INFO : JVM Vendor:		Oracle Corporation
11 03, 2022 06:22:23 上午 cn.how2j.diytomcat.catalina.Connector init
INFO : Initializing ProtocolHandler [http-bio-18080]
11 03, 2022 06:22:23 上午 cn.how2j.diytomcat.catalina.Connector init
INFO : Initializing ProtocolHandler [http-bio-18081]
11 03, 2022 06:22:23 上午 cn.how2j.diytomcat.catalina.Connector init
INFO : Initializing ProtocolHandler [http-bio-18082]
11 03, 2022 06:22:23 上午 cn.how2j.diytomcat.catalina.Service init
INFO : Initialization processed in 1 ms
11 03, 2022 06:22:23 上午 cn.how2j.diytomcat.catalina.Connector start
INFO : Starting ProtocolHandler [http-bio-18080]
11 03, 2022 06:22:23 上午 cn.how2j.diytomcat.catalina.Connector start
INFO : Starting ProtocolHandler [http-bio-18081]
11 03, 2022 06:22:23 上午 cn.how2j.diytomcat.catalina.Connector start
INFO : Starting ProtocolHandler [http-bio-18082]
11 03, 2022 06:22:23 上午 cn.how2j.diytomcat.catalina.Server start
INFO : Server startup in 3 ms
11 03, 2022 06:22:23 上午 cn.how2j.diytomcat.catalina.Connector error
ERROR: Address already in use: JVM_Bind
java.net.BindException: Address already in use: JVM_Bind
	at java.net.DualStackPlainSocketImpl.bind0(Native Method)
	at java.net.DualStackPlainSocketImpl.socketBind(DualStackPlainSocketImpl.java:106)
	at java.net.AbstractPlainSocketImpl.bind(AbstractPlainSocketImpl.java:387)
	at java.net.PlainSocketImpl.bind(PlainSocketImpl.java:190)
	at java.net.ServerSocket.bind(ServerSocket.java:375)
	at java.net.ServerSocket.<init>(ServerSocket.java:237)
	at java.net.ServerSocket.<init>(ServerSocket.java:128)
	at cn.how2j.diytomcat.catalina.Connector.run(Connector.java:66)
	at java.lang.Thread.run(Thread.java:748)
11 03, 2022 06:22:23 上午 cn.how2j.diytomcat.catalina.Connector error
ERROR: Address already in use: JVM_Bind
java.net.BindException: Address already in use: JVM_Bind
	at java.net.DualStackPlainSocketImpl.bind0(Native Method)
	at java.net.DualStackPlainSocketImpl.socketBind(DualStackPlainSocketImpl.java:106)
	at java.net.AbstractPlainSocketImpl.bind(AbstractPlainSocketImpl.java:387)
	at java.net.PlainSocketImpl.bind(PlainSocketImpl.java:190)
	at java.net.ServerSocket.bind(ServerSocket.java:375)
	at java.net.ServerSocket.<init>(ServerSocket.java:237)
	at java.net.ServerSocket.<init>(ServerSocket.java:128)
	at cn.how2j.diytomcat.catalina.Connector.run(Connector.java:66)
	at java.lang.Thread.run(Thread.java:748)
11 03, 2022 06:22:23 上午 cn.how2j.diytomcat.catalina.Connector error
ERROR: Address already in use: JVM_Bind
java.net.BindException: Address already in use: JVM_Bind
	at java.net.DualStackPlainSocketImpl.bind0(Native Method)
	at java.net.DualStackPlainSocketImpl.socketBind(DualStackPlainSocketImpl.java:106)
	at java.net.AbstractPlainSocketImpl.bind(AbstractPlainSocketImpl.java:387)
	at java.net.PlainSocketImpl.bind(PlainSocketImpl.java:190)
	at java.net.ServerSocket.bind(ServerSocket.java:375)
	at java.net.ServerSocket.<init>(ServerSocket.java:237)
	at java.net.ServerSocket.<init>(ServerSocket.java:128)
	at cn.how2j.diytomcat.catalina.Connector.run(Connector.java:66)
	at java.lang.Thread.run(Thread.java:748)
11 03, 2022 06:22:33 上午 cn.how2j.diytomcat.catalina.Context <init>
INFO : Deploying web application directory D:\diytomcat\webapps\a
11 03, 2022 06:22:33 上午 cn.how2j.diytomcat.catalina.Context <init>
INFO : Deployment of web application directory D:\diytomcat\webapps\a has finished in 89 ms
11 03, 2022 06:22:33 上午 cn.how2j.diytomcat.catalina.Context <init>
INFO : Deploying web application directory D:\diytomcat\webapps\j2ee
11 03, 2022 06:22:33 上午 cn.how2j.diytomcat.catalina.Context <init>
INFO : Deployment of web application directory D:\diytomcat\webapps\j2ee has finished in 6 ms
11 03, 2022 06:22:33 上午 cn.how2j.diytomcat.catalina.Context <init>
INFO : Deploying web application directory D:\diytomcat\webapps\ROOT
11 03, 2022 06:22:33 上午 cn.how2j.diytomcat.catalina.Context <init>
INFO : Deployment of web application directory D:\diytomcat\webapps\ROOT has finished in 1 ms
11 03, 2022 06:22:33 上午 cn.how2j.diytomcat.catalina.Context <init>
INFO : Deploying web application directory d:/project/diytomcat/b
11 03, 2022 06:22:33 上午 cn.how2j.diytomcat.catalina.Context <init>
INFO : Deployment of web application directory d:/project/diytomcat/b has finished in 1 ms
11 03, 2022 06:22:33 上午 cn.how2j.diytomcat.catalina.Context <init>
INFO : Deploying web application directory d:/project/javaweb/web
11 03, 2022 06:22:33 上午 cn.how2j.diytomcat.catalina.Context <init>
INFO : Deployment of web application directory d:/project/javaweb/web has finished in 2 ms
11 03, 2022 06:22:33 上午 cn.how2j.diytomcat.catalina.Server logJVM
INFO : Server version:		How2J DiyTomcat/1.0.1
11 03, 2022 06:22:33 上午 cn.how2j.diytomcat.catalina.Server logJVM
INFO : Server built:		2020-04-08 10:20:22
11 03, 2022 06:22:33 上午 cn.how2j.diytomcat.catalina.Server logJVM
INFO : Server number:		1.0.1
11 03, 2022 06:22:33 上午 cn.how2j.diytomcat.catalina.Server logJVM
INFO : OS Name	:		Windows 10
11 03, 2022 06:22:33 上午 cn.how2j.diytomcat.catalina.Server logJVM
INFO : OS Version:		10.0
11 03, 2022 06:22:33 上午 cn.how2j.diytomcat.catalina.Server logJVM
INFO : Architecture:		amd64
11 03, 2022 06:22:33 上午 cn.how2j.diytomcat.catalina.Server logJVM
INFO : Java Home:		D:\Eclipse\Java\jdk1.8.0_211\jre
11 03, 2022 06:22:33 上午 cn.how2j.diytomcat.catalina.Server logJVM
INFO : JVM Version:		1.8.0_211-b12
11 03, 2022 06:22:33 上午 cn.how2j.diytomcat.catalina.Server logJVM
INFO : JVM Vendor:		Oracle Corporation
11 03, 2022 06:22:33 上午 cn.how2j.diytomcat.catalina.Connector init
INFO : Initializing ProtocolHandler [http-bio-18080]
11 03, 2022 06:22:33 上午 cn.how2j.diytomcat.catalina.Connector init
INFO : Initializing ProtocolHandler [http-bio-18081]
11 03, 2022 06:22:33 上午 cn.how2j.diytomcat.catalina.Connector init
INFO : Initializing ProtocolHandler [http-bio-18082]
11 03, 2022 06:22:33 上午 cn.how2j.diytomcat.catalina.Service init
INFO : Initialization processed in 0 ms
11 03, 2022 06:22:33 上午 cn.how2j.diytomcat.catalina.Connector start
INFO : Starting ProtocolHandler [http-bio-18080]
11 03, 2022 06:22:33 上午 cn.how2j.diytomcat.catalina.Connector start
INFO : Starting ProtocolHandler [http-bio-18081]
11 03, 2022 06:22:33 上午 cn.how2j.diytomcat.catalina.Connector start
INFO : Starting ProtocolHandler [http-bio-18082]
11 03, 2022 06:22:33 上午 cn.how2j.diytomcat.catalina.Server start
INFO : Server startup in 2 ms
11 03, 2022 06:22:42 上午 cn.how2j.diytomcat.catalina.HttpProcessor error
ERROR: java.lang.ClassNotFoundException: cn.how2j.javaweb.HelloServlet
java.lang.RuntimeException: java.lang.ClassNotFoundException: cn.how2j.javaweb.HelloServlet
	at cn.how2j.diytomcat.servlets.InvokerServlet.service(InvokerServlet.java:42)
	at cn.how2j.diytomcat.catalina.HttpProcessor.execute(HttpProcessor.java:30)
	at cn.how2j.diytomcat.catalina.Connector$1.run(Connector.java:76)
	at java.util.concurrent.ThreadPoolExecutor.runWorker(ThreadPoolExecutor.java:1149)
	at java.util.concurrent.ThreadPoolExecutor$Worker.run(ThreadPoolExecutor.java:624)
	at java.lang.Thread.run(Thread.java:748)
Caused by: java.lang.ClassNotFoundException: cn.how2j.javaweb.HelloServlet
	at java.net.URLClassLoader.findClass(URLClassLoader.java:382)
	at java.lang.ClassLoader.loadClass(ClassLoader.java:424)
	at java.lang.ClassLoader.loadClass(ClassLoader.java:357)
	at cn.how2j.diytomcat.servlets.InvokerServlet.service(InvokerServlet.java:36)
	... 5 more
11 03, 2022 06:22:43 上午 cn.how2j.diytomcat.catalina.HttpProcessor error
ERROR: this is a deliberately created exception
java.lang.RuntimeException: this is a deliberately created exception
	at cn.how2j.diytomcat.servlets.DefaultServlet.service(DefaultServlet.java:40)
	at cn.how2j.diytomcat.catalina.HttpProcessor.execute(HttpProcessor.java:32)
	at cn.how2j.diytomcat.catalina.Connector$1.run(Connector.java:76)
	at java.util.concurrent.ThreadPoolExecutor.runWorker(ThreadPoolExecutor.java:1149)
	at java.util.concurrent.ThreadPoolExecutor$Worker.run(ThreadPoolExecutor.java:624)
	at java.lang.Thread.run(Thread.java:748)
11 03, 2022 06:25:24 上午 cn.how2j.diytomcat.catalina.Context <init>
INFO : Deploying web application directory D:\diytomcat\webapps\a
11 03, 2022 06:25:24 上午 cn.how2j.diytomcat.catalina.Context <init>
INFO : Deployment of web application directory D:\diytomcat\webapps\a has finished in 91 ms
11 03, 2022 06:25:24 上午 cn.how2j.diytomcat.catalina.Context <init>
INFO : Deploying web application directory D:\diytomcat\webapps\j2ee
11 03, 2022 06:25:24 上午 cn.how2j.diytomcat.catalina.Context <init>
INFO : Deployment of web application directory D:\diytomcat\webapps\j2ee has finished in 9 ms
11 03, 2022 06:25:24 上午 cn.how2j.diytomcat.catalina.Context <init>
INFO : Deploying web application directory D:\diytomcat\webapps\ROOT
11 03, 2022 06:25:24 上午 cn.how2j.diytomcat.catalina.Context <init>
INFO : Deployment of web application directory D:\diytomcat\webapps\ROOT has finished in 1 ms
11 03, 2022 06:25:24 上午 cn.how2j.diytomcat.catalina.Context <init>
INFO : Deploying web application directory d:/project/diytomcat/b
11 03, 2022 06:25:24 上午 cn.how2j.diytomcat.catalina.Context <init>
INFO : Deployment of web application directory d:/project/diytomcat/b has finished in 1 ms
11 03, 2022 06:25:24 上午 cn.how2j.diytomcat.catalina.Context <init>
INFO : Deploying web application directory d:/project/javaweb/web
11 03, 2022 06:25:24 上午 cn.how2j.diytomcat.catalina.Context <init>
INFO : Deployment of web application directory d:/project/javaweb/web has finished in 2 ms
11 03, 2022 06:25:24 上午 cn.how2j.diytomcat.catalina.Server logJVM
INFO : Server version:		How2J DiyTomcat/1.0.1
11 03, 2022 06:25:24 上午 cn.how2j.diytomcat.catalina.Server logJVM
INFO : Server built:		2020-04-08 10:20:22
11 03, 2022 06:25:24 上午 cn.how2j.diytomcat.catalina.Server logJVM
INFO : Server number:		1.0.1
11 03, 2022 06:25:24 上午 cn.how2j.diytomcat.catalina.Server logJVM
INFO : OS Name	:		Windows 10
11 03, 2022 06:25:24 上午 cn.how2j.diytomcat.catalina.Server logJVM
INFO : OS Version:		10.0
11 03, 2022 06:25:24 上午 cn.how2j.diytomcat.catalina.Server logJVM
INFO : Architecture:		amd64
11 03, 2022 06:25:24 上午 cn.how2j.diytomcat.catalina.Server logJVM
INFO : Java Home:		D:\Eclipse\Java\jdk1.8.0_211\jre
11 03, 2022 06:25:24 上午 cn.how2j.diytomcat.catalina.Server logJVM
INFO : JVM Version:		1.8.0_211-b12
11 03, 2022 06:25:24 上午 cn.how2j.diytomcat.catalina.Server logJVM
INFO : JVM Vendor:		Oracle Corporation
11 03, 2022 06:25:24 上午 cn.how2j.diytomcat.catalina.Connector init
INFO : Initializing ProtocolHandler [http-bio-18080]
11 03, 2022 06:25:24 上午 cn.how2j.diytomcat.catalina.Connector init
INFO : Initializing ProtocolHandler [http-bio-18081]
11 03, 2022 06:25:24 上午 cn.how2j.diytomcat.catalina.Connector init
INFO : Initializing ProtocolHandler [http-bio-18082]
11 03, 2022 06:25:24 上午 cn.how2j.diytomcat.catalina.Service init
INFO : Initialization processed in 0 ms
11 03, 2022 06:25:24 上午 cn.how2j.diytomcat.catalina.Connector start
INFO : Starting ProtocolHandler [http-bio-18080]
11 03, 2022 06:25:24 上午 cn.how2j.diytomcat.catalina.Connector start
INFO : Starting ProtocolHandler [http-bio-18081]
11 03, 2022 06:25:24 上午 cn.how2j.diytomcat.catalina.Connector start
INFO : Starting ProtocolHandler [http-bio-18082]
11 03, 2022 06:25:24 上午 cn.how2j.diytomcat.catalina.Server start
INFO : Server startup in 5 ms
11 03, 2022 06:25:33 上午 cn.how2j.diytomcat.catalina.HttpProcessor error
ERROR: this is a deliberately created exception
java.lang.RuntimeException: this is a deliberately created exception
	at cn.how2j.diytomcat.servlets.DefaultServlet.service(DefaultServlet.java:40)
	at cn.how2j.diytomcat.catalina.HttpProcessor.execute(HttpProcessor.java:32)
	at cn.how2j.diytomcat.catalina.Connector$1.run(Connector.java:76)
	at java.util.concurrent.ThreadPoolExecutor.runWorker(ThreadPoolExecutor.java:1149)
	at java.util.concurrent.ThreadPoolExecutor$Worker.run(ThreadPoolExecutor.java:624)
	at java.lang.Thread.run(Thread.java:748)
11 03, 2022 06:25:33 上午 cn.how2j.diytomcat.catalina.HttpProcessor error
ERROR: java.lang.ClassNotFoundException: cn.how2j.javaweb.HelloServlet
java.lang.RuntimeException: java.lang.ClassNotFoundException: cn.how2j.javaweb.HelloServlet
	at cn.how2j.diytomcat.servlets.InvokerServlet.service(InvokerServlet.java:42)
	at cn.how2j.diytomcat.catalina.HttpProcessor.execute(HttpProcessor.java:30)
	at cn.how2j.diytomcat.catalina.Connector$1.run(Connector.java:76)
	at java.util.concurrent.ThreadPoolExecutor.runWorker(ThreadPoolExecutor.java:1149)
	at java.util.concurrent.ThreadPoolExecutor$Worker.run(ThreadPoolExecutor.java:624)
	at java.lang.Thread.run(Thread.java:748)
Caused by: java.lang.ClassNotFoundException: cn.how2j.javaweb.HelloServlet
	at java.net.URLClassLoader.findClass(URLClassLoader.java:382)
	at java.lang.ClassLoader.loadClass(ClassLoader.java:424)
	at java.lang.ClassLoader.loadClass(ClassLoader.java:357)
	at cn.how2j.diytomcat.servlets.InvokerServlet.service(InvokerServlet.java:36)
	... 5 more
11 03, 2022 06:31:05 上午 cn.how2j.diytomcat.catalina.Context <init>
INFO : Deploying web application directory D:\diytomcat\webapps\a
11 03, 2022 06:31:05 上午 cn.how2j.diytomcat.catalina.Context <init>
INFO : Deployment of web application directory D:\diytomcat\webapps\a has finished in 99 ms
11 03, 2022 06:31:05 上午 cn.how2j.diytomcat.catalina.Context <init>
INFO : Deploying web application directory D:\diytomcat\webapps\j2ee
11 03, 2022 06:31:05 上午 cn.how2j.diytomcat.catalina.Context <init>
INFO : Deployment of web application directory D:\diytomcat\webapps\j2ee has finished in 8 ms
11 03, 2022 06:31:05 上午 cn.how2j.diytomcat.catalina.Context <init>
INFO : Deploying web application directory D:\diytomcat\webapps\ROOT
11 03, 2022 06:31:05 上午 cn.how2j.diytomcat.catalina.Context <init>
INFO : Deployment of web application directory D:\diytomcat\webapps\ROOT has finished in 1 ms
11 03, 2022 06:31:05 上午 cn.how2j.diytomcat.catalina.Context <init>
INFO : Deploying web application directory d:/diytomcat/b
11 03, 2022 06:31:05 上午 cn.how2j.diytomcat.catalina.Context <init>
INFO : Deployment of web application directory d:/diytomcat/b has finished in 1 ms
11 03, 2022 06:31:05 上午 cn.how2j.diytomcat.catalina.Context <init>
INFO : Deploying web application directory d:/javaweb/web
11 03, 2022 06:31:05 上午 cn.how2j.diytomcat.catalina.Context <init>
INFO : Deployment of web application directory d:/javaweb/web has finished in 20 ms
11 03, 2022 06:31:05 上午 cn.how2j.diytomcat.catalina.Server logJVM
INFO : Server version:		How2J DiyTomcat/1.0.1
11 03, 2022 06:31:05 上午 cn.how2j.diytomcat.catalina.Server logJVM
INFO : Server built:		2020-04-08 10:20:22
11 03, 2022 06:31:05 上午 cn.how2j.diytomcat.catalina.Server logJVM
INFO : Server number:		1.0.1
11 03, 2022 06:31:05 上午 cn.how2j.diytomcat.catalina.Server logJVM
INFO : OS Name	:		Windows 10
11 03, 2022 06:31:05 上午 cn.how2j.diytomcat.catalina.Server logJVM
INFO : OS Version:		10.0
11 03, 2022 06:31:05 上午 cn.how2j.diytomcat.catalina.Server logJVM
INFO : Architecture:		amd64
11 03, 2022 06:31:05 上午 cn.how2j.diytomcat.catalina.Server logJVM
INFO : Java Home:		D:\Eclipse\Java\jdk1.8.0_211\jre
11 03, 2022 06:31:05 上午 cn.how2j.diytomcat.catalina.Server logJVM
INFO : JVM Version:		1.8.0_211-b12
11 03, 2022 06:31:05 上午 cn.how2j.diytomcat.catalina.Server logJVM
INFO : JVM Vendor:		Oracle Corporation
11 03, 2022 06:31:05 上午 cn.how2j.diytomcat.catalina.Connector init
INFO : Initializing ProtocolHandler [http-bio-18080]
11 03, 2022 06:31:05 上午 cn.how2j.diytomcat.catalina.Connector init
INFO : Initializing ProtocolHandler [http-bio-18081]
11 03, 2022 06:31:05 上午 cn.how2j.diytomcat.catalina.Connector init
INFO : Initializing ProtocolHandler [http-bio-18082]
11 03, 2022 06:31:05 上午 cn.how2j.diytomcat.catalina.Service init
INFO : Initialization processed in 1 ms
11 03, 2022 06:31:05 上午 cn.how2j.diytomcat.catalina.Connector start
INFO : Starting ProtocolHandler [http-bio-18080]
11 03, 2022 06:31:05 上午 cn.how2j.diytomcat.catalina.Connector start
INFO : Starting ProtocolHandler [http-bio-18081]
11 03, 2022 06:31:05 上午 cn.how2j.diytomcat.catalina.Connector start
INFO : Starting ProtocolHandler [http-bio-18082]
11 03, 2022 06:31:05 上午 cn.how2j.diytomcat.catalina.Server start
INFO : Server startup in 4 ms
11 03, 2022 06:31:15 上午 cn.how2j.diytomcat.catalina.HttpProcessor error
ERROR: java.lang.ClassNotFoundException: cn.how2j.javaweb.HelloServlet
java.lang.RuntimeException: java.lang.ClassNotFoundException: cn.how2j.javaweb.HelloServlet
	at cn.how2j.diytomcat.servlets.InvokerServlet.service(InvokerServlet.java:42)
	at cn.how2j.diytomcat.catalina.HttpProcessor.execute(HttpProcessor.java:30)
	at cn.how2j.diytomcat.catalina.Connector$1.run(Connector.java:76)
	at java.util.concurrent.ThreadPoolExecutor.runWorker(ThreadPoolExecutor.java:1149)
	at java.util.concurrent.ThreadPoolExecutor$Worker.run(ThreadPoolExecutor.java:624)
	at java.lang.Thread.run(Thread.java:748)
Caused by: java.lang.ClassNotFoundException: cn.how2j.javaweb.HelloServlet
	at java.net.URLClassLoader.findClass(URLClassLoader.java:382)
	at java.lang.ClassLoader.loadClass(ClassLoader.java:424)
	at java.lang.ClassLoader.loadClass(ClassLoader.java:357)
	at cn.how2j.diytomcat.servlets.InvokerServlet.service(InvokerServlet.java:36)
	... 5 more
11 03, 2022 06:31:15 上午 cn.how2j.diytomcat.catalina.HttpProcessor error
ERROR: this is a deliberately created exception
java.lang.RuntimeException: this is a deliberately created exception
	at cn.how2j.diytomcat.servlets.DefaultServlet.service(DefaultServlet.java:40)
	at cn.how2j.diytomcat.catalina.HttpProcessor.execute(HttpProcessor.java:32)
	at cn.how2j.diytomcat.catalina.Connector$1.run(Connector.java:76)
	at java.util.concurrent.ThreadPoolExecutor.runWorker(ThreadPoolExecutor.java:1149)
	at java.util.concurrent.ThreadPoolExecutor$Worker.run(ThreadPoolExecutor.java:624)
	at java.lang.Thread.run(Thread.java:748)
11 03, 2022 11:21:54 上午 cn.how2j.diytomcat.catalina.Context <init>
INFO : Deploying web application directory D:\diytomcat\webapps\a
11 03, 2022 11:21:54 上午 cn.how2j.diytomcat.catalina.Context <init>
INFO : Deployment of web application directory D:\diytomcat\webapps\a has finished in 132 ms
11 03, 2022 11:21:54 上午 cn.how2j.diytomcat.catalina.Context <init>
INFO : Deploying web application directory D:\diytomcat\webapps\j2ee
11 03, 2022 11:21:54 上午 cn.how2j.diytomcat.catalina.Context <init>
INFO : Deployment of web application directory D:\diytomcat\webapps\j2ee has finished in 13 ms
11 03, 2022 11:21:54 上午 cn.how2j.diytomcat.catalina.Context <init>
INFO : Deploying web application directory D:\diytomcat\webapps\ROOT
11 03, 2022 11:21:54 上午 cn.how2j.diytomcat.catalina.Context <init>
INFO : Deployment of web application directory D:\diytomcat\webapps\ROOT has finished in 1 ms
11 03, 2022 11:21:55 上午 cn.how2j.diytomcat.catalina.Context <init>
INFO : Deploying web application directory d:/diytomcat/b
11 03, 2022 11:21:55 上午 cn.how2j.diytomcat.catalina.Context <init>
INFO : Deployment of web application directory d:/diytomcat/b has finished in 1 ms
11 03, 2022 11:21:55 上午 cn.how2j.diytomcat.catalina.Context <init>
INFO : Deploying web application directory d:/javaweb/web
11 03, 2022 11:21:55 上午 cn.how2j.diytomcat.catalina.Context <init>
INFO : Deployment of web application directory d:/javaweb/web has finished in 25 ms
11 03, 2022 11:21:55 上午 cn.how2j.diytomcat.catalina.Server logJVM
INFO : Server version:		How2J DiyTomcat/1.0.1
11 03, 2022 11:21:55 上午 cn.how2j.diytomcat.catalina.Server logJVM
INFO : Server built:		2020-04-08 10:20:22
11 03, 2022 11:21:55 上午 cn.how2j.diytomcat.catalina.Server logJVM
INFO : Server number:		1.0.1
11 03, 2022 11:21:55 上午 cn.how2j.diytomcat.catalina.Server logJVM
INFO : OS Name	:		Windows 10
11 03, 2022 11:21:55 上午 cn.how2j.diytomcat.catalina.Server logJVM
INFO : OS Version:		10.0
11 03, 2022 11:21:55 上午 cn.how2j.diytomcat.catalina.Server logJVM
INFO : Architecture:		amd64
11 03, 2022 11:21:55 上午 cn.how2j.diytomcat.catalina.Server logJVM
INFO : Java Home:		D:\Eclipse\Java\jdk1.8.0_211\jre
11 03, 2022 11:21:55 上午 cn.how2j.diytomcat.catalina.Server logJVM
INFO : JVM Version:		1.8.0_211-b12
11 03, 2022 11:21:55 上午 cn.how2j.diytomcat.catalina.Server logJVM
INFO : JVM Vendor:		Oracle Corporation
11 03, 2022 11:21:55 上午 cn.how2j.diytomcat.catalina.Connector init
INFO : Initializing ProtocolHandler [http-bio-18080]
11 03, 2022 11:21:55 上午 cn.how2j.diytomcat.catalina.Connector init
INFO : Initializing ProtocolHandler [http-bio-18081]
11 03, 2022 11:21:55 上午 cn.how2j.diytomcat.catalina.Connector init
INFO : Initializing ProtocolHandler [http-bio-18082]
11 03, 2022 11:21:55 上午 cn.how2j.diytomcat.catalina.Service init
INFO : Initialization processed in 0 ms
11 03, 2022 11:21:55 上午 cn.how2j.diytomcat.catalina.Connector start
INFO : Starting ProtocolHandler [http-bio-18080]
11 03, 2022 11:21:55 上午 cn.how2j.diytomcat.catalina.Connector start
INFO : Starting ProtocolHandler [http-bio-18081]
11 03, 2022 11:21:55 上午 cn.how2j.diytomcat.catalina.Connector start
INFO : Starting ProtocolHandler [http-bio-18082]
11 03, 2022 11:21:55 上午 cn.how2j.diytomcat.catalina.Server start
INFO : Server startup in 6 ms
11 03, 2022 11:22:02 上午 cn.how2j.diytomcat.catalina.HttpProcessor error
ERROR: java.lang.ClassNotFoundException: cn.how2j.javaweb.HelloServlet
java.lang.RuntimeException: java.lang.ClassNotFoundException: cn.how2j.javaweb.HelloServlet
	at cn.how2j.diytomcat.servlets.InvokerServlet.service(InvokerServlet.java:42)
	at cn.how2j.diytomcat.catalina.HttpProcessor.execute(HttpProcessor.java:33)
	at cn.how2j.diytomcat.catalina.Connector$1.run(Connector.java:76)
	at java.util.concurrent.ThreadPoolExecutor.runWorker(ThreadPoolExecutor.java:1149)
	at java.util.concurrent.ThreadPoolExecutor$Worker.run(ThreadPoolExecutor.java:624)
	at java.lang.Thread.run(Thread.java:748)
Caused by: java.lang.ClassNotFoundException: cn.how2j.javaweb.HelloServlet
	at java.net.URLClassLoader.findClass(URLClassLoader.java:382)
	at java.lang.ClassLoader.loadClass(ClassLoader.java:424)
	at java.lang.ClassLoader.loadClass(ClassLoader.java:357)
	at cn.how2j.diytomcat.servlets.InvokerServlet.service(InvokerServlet.java:36)
	... 5 more
11 03, 2022 11:22:02 上午 cn.how2j.diytomcat.catalina.HttpProcessor error
ERROR: this is a deliberately created exception
java.lang.RuntimeException: this is a deliberately created exception
	at cn.how2j.diytomcat.servlets.DefaultServlet.service(DefaultServlet.java:40)
	at cn.how2j.diytomcat.catalina.HttpProcessor.execute(HttpProcessor.java:37)
	at cn.how2j.diytomcat.catalina.Connector$1.run(Connector.java:76)
	at java.util.concurrent.ThreadPoolExecutor.runWorker(ThreadPoolExecutor.java:1149)
	at java.util.concurrent.ThreadPoolExecutor$Worker.run(ThreadPoolExecutor.java:624)
	at java.lang.Thread.run(Thread.java:748)
11 03, 2022 12:09:03 下午 cn.how2j.diytomcat.catalina.Context <init>
INFO : Deploying web application directory D:\diytomcat\webapps\a
11 03, 2022 12:09:03 下午 cn.how2j.diytomcat.catalina.Context <init>
INFO : Deployment of web application directory D:\diytomcat\webapps\a has finished in 90 ms
11 03, 2022 12:09:03 下午 cn.how2j.diytomcat.catalina.Context <init>
INFO : Deploying web application directory D:\diytomcat\webapps\j2ee
11 03, 2022 12:09:03 下午 cn.how2j.diytomcat.catalina.Context <init>
INFO : Deployment of web application directory D:\diytomcat\webapps\j2ee has finished in 9 ms
11 03, 2022 12:09:03 下午 cn.how2j.diytomcat.catalina.Context <init>
INFO : Deploying web application directory D:\diytomcat\webapps\ROOT
11 03, 2022 12:09:03 下午 cn.how2j.diytomcat.catalina.Context <init>
INFO : Deployment of web application directory D:\diytomcat\webapps\ROOT has finished in 1 ms
11 03, 2022 12:09:03 下午 cn.how2j.diytomcat.catalina.Context <init>
INFO : Deploying web application directory d:/diytomcat/b
11 03, 2022 12:09:03 下午 cn.how2j.diytomcat.catalina.Context <init>
INFO : Deployment of web application directory d:/diytomcat/b has finished in 1 ms
11 03, 2022 12:09:03 下午 cn.how2j.diytomcat.catalina.Context <init>
INFO : Deploying web application directory d:/javaweb/web
11 03, 2022 12:09:03 下午 cn.how2j.diytomcat.catalina.Context <init>
INFO : Deployment of web application directory d:/javaweb/web has finished in 12 ms
11 03, 2022 12:09:03 下午 cn.how2j.diytomcat.catalina.Server logJVM
INFO : Server version:		How2J DiyTomcat/1.0.1
11 03, 2022 12:09:03 下午 cn.how2j.diytomcat.catalina.Server logJVM
INFO : Server built:		2020-04-08 10:20:22
11 03, 2022 12:09:03 下午 cn.how2j.diytomcat.catalina.Server logJVM
INFO : Server number:		1.0.1
11 03, 2022 12:09:03 下午 cn.how2j.diytomcat.catalina.Server logJVM
INFO : OS Name	:		Windows 10
11 03, 2022 12:09:03 下午 cn.how2j.diytomcat.catalina.Server logJVM
INFO : OS Version:		10.0
11 03, 2022 12:09:03 下午 cn.how2j.diytomcat.catalina.Server logJVM
INFO : Architecture:		amd64
11 03, 2022 12:09:03 下午 cn.how2j.diytomcat.catalina.Server logJVM
INFO : Java Home:		D:\Eclipse\Java\jdk1.8.0_211\jre
11 03, 2022 12:09:03 下午 cn.how2j.diytomcat.catalina.Server logJVM
INFO : JVM Version:		1.8.0_211-b12
11 03, 2022 12:09:03 下午 cn.how2j.diytomcat.catalina.Server logJVM
INFO : JVM Vendor:		Oracle Corporation
11 03, 2022 12:09:03 下午 cn.how2j.diytomcat.catalina.Connector init
INFO : Initializing ProtocolHandler [http-bio-18080]
11 03, 2022 12:09:03 下午 cn.how2j.diytomcat.catalina.Connector init
INFO : Initializing ProtocolHandler [http-bio-18081]
11 03, 2022 12:09:03 下午 cn.how2j.diytomcat.catalina.Connector init
INFO : Initializing ProtocolHandler [http-bio-18082]
11 03, 2022 12:09:03 下午 cn.how2j.diytomcat.catalina.Service init
INFO : Initialization processed in 0 ms
11 03, 2022 12:09:03 下午 cn.how2j.diytomcat.catalina.Connector start
INFO : Starting ProtocolHandler [http-bio-18080]
11 03, 2022 12:09:03 下午 cn.how2j.diytomcat.catalina.Connector start
INFO : Starting ProtocolHandler [http-bio-18081]
11 03, 2022 12:09:03 下午 cn.how2j.diytomcat.catalina.Connector start
INFO : Starting ProtocolHandler [http-bio-18082]
11 03, 2022 12:09:03 下午 cn.how2j.diytomcat.catalina.Server start
INFO : Server startup in 2 ms
11 03, 2022 12:09:12 下午 cn.how2j.diytomcat.catalina.HttpProcessor error
ERROR: this is a deliberately created exception
java.lang.RuntimeException: this is a deliberately created exception
	at cn.how2j.diytomcat.servlets.DefaultServlet.service(DefaultServlet.java:40)
	at cn.how2j.diytomcat.catalina.HttpProcessor.execute(HttpProcessor.java:37)
	at cn.how2j.diytomcat.catalina.Connector$1.run(Connector.java:76)
	at java.util.concurrent.ThreadPoolExecutor.runWorker(ThreadPoolExecutor.java:1149)
	at java.util.concurrent.ThreadPoolExecutor$Worker.run(ThreadPoolExecutor.java:624)
	at java.lang.Thread.run(Thread.java:748)
11 03, 2022 12:09:13 下午 cn.how2j.diytomcat.catalina.HttpProcessor error
ERROR: java.lang.ClassNotFoundException: cn.how2j.javaweb.HelloServlet
java.lang.RuntimeException: java.lang.ClassNotFoundException: cn.how2j.javaweb.HelloServlet
	at cn.how2j.diytomcat.servlets.InvokerServlet.service(InvokerServlet.java:42)
	at cn.how2j.diytomcat.catalina.HttpProcessor.execute(HttpProcessor.java:33)
	at cn.how2j.diytomcat.catalina.Connector$1.run(Connector.java:76)
	at java.util.concurrent.ThreadPoolExecutor.runWorker(ThreadPoolExecutor.java:1149)
	at java.util.concurrent.ThreadPoolExecutor$Worker.run(ThreadPoolExecutor.java:624)
	at java.lang.Thread.run(Thread.java:748)
Caused by: java.lang.ClassNotFoundException: cn.how2j.javaweb.HelloServlet
	at java.net.URLClassLoader.findClass(URLClassLoader.java:382)
	at java.lang.ClassLoader.loadClass(ClassLoader.java:424)
	at java.lang.ClassLoader.loadClass(ClassLoader.java:357)
	at cn.how2j.diytomcat.servlets.InvokerServlet.service(InvokerServlet.java:36)
	... 5 more
11 03, 2022 12:09:52 下午 cn.how2j.diytomcat.catalina.Context <init>
INFO : Deploying web application directory d:/javaweb/web
11 03, 2022 12:09:52 下午 cn.how2j.diytomcat.catalina.Context <init>
INFO : Deployment of web application directory d:/javaweb/web has finished in 202 ms
