10 23, 2022 20:08:19 下午 cn.how2j.diytomcat.Bootstrap logJVM
INFO : Server version:		How2J DiyTomcat/1.0.1
10 23, 2022 20:08:19 下午 cn.how2j.diytomcat.Bootstrap logJVM
INFO : Server built:		2020-04-08 10:20:22
10 23, 2022 20:08:19 下午 cn.how2j.diytomcat.Bootstrap logJVM
INFO : Server number:		1.0.1
10 23, 2022 20:08:19 下午 cn.how2j.diytomcat.Bootstrap logJVM
INFO : OS Name	:		Windows 10
10 23, 2022 20:08:19 下午 cn.how2j.diytomcat.Bootstrap logJVM
INFO : OS Version:		10.0
10 23, 2022 20:08:19 下午 cn.how2j.diytomcat.Bootstrap logJVM
INFO : Architecture:		amd64
10 23, 2022 20:08:19 下午 cn.how2j.diytomcat.Bootstrap logJVM
INFO : Java Home:		D:\Eclipse\Java\jdk1.8.0_211\jre
10 23, 2022 20:08:19 下午 cn.how2j.diytomcat.Bootstrap logJVM
INFO : JVM Version:		1.8.0_211-b12
10 23, 2022 20:08:19 下午 cn.how2j.diytomcat.Bootstrap logJVM
INFO : JVM Vendor:		Oracle Corporation
10 23, 2022 20:18:36 下午 cn.how2j.diytomcat.Bootstrap logJVM
INFO : Server version:		How2J DiyTomcat/1.0.1
10 23, 2022 20:18:36 下午 cn.how2j.diytomcat.Bootstrap logJVM
INFO : Server built:		2020-04-08 10:20:22
10 23, 2022 20:18:36 下午 cn.how2j.diytomcat.Bootstrap logJVM
INFO : Server number:		1.0.1
10 23, 2022 20:18:36 下午 cn.how2j.diytomcat.Bootstrap logJVM
INFO : OS Name	:		Windows 10
10 23, 2022 20:18:36 下午 cn.how2j.diytomcat.Bootstrap logJVM
INFO : OS Version:		10.0
10 23, 2022 20:18:36 下午 cn.how2j.diytomcat.Bootstrap logJVM
INFO : Architecture:		amd64
10 23, 2022 20:18:36 下午 cn.how2j.diytomcat.Bootstrap logJVM
INFO : Java Home:		D:\Eclipse\Java\jdk1.8.0_211\jre
10 23, 2022 20:18:36 下午 cn.how2j.diytomcat.Bootstrap logJVM
INFO : JVM Version:		1.8.0_211-b12
10 23, 2022 20:18:36 下午 cn.how2j.diytomcat.Bootstrap logJVM
INFO : JVM Vendor:		Oracle Corporation
10 23, 2022 20:37:20 下午 Bootstrap logJVM
INFO : Server version:		How2J DiyTomcat/1.0.1
10 23, 2022 20:37:20 下午 Bootstrap logJVM
INFO : Server built:		2020-04-08 10:20:22
10 23, 2022 20:37:20 下午 Bootstrap logJVM
INFO : Server number:		1.0.1
10 23, 2022 20:37:20 下午 Bootstrap logJVM
INFO : OS Name	:		Windows 10
10 23, 2022 20:37:20 下午 Bootstrap logJVM
INFO : OS Version:		10.0
10 23, 2022 20:37:20 下午 Bootstrap logJVM
INFO : Architecture:		amd64
10 23, 2022 20:37:20 下午 Bootstrap logJVM
INFO : Java Home:		D:\Eclipse\Java\jdk1.8.0_211\jre
10 23, 2022 20:37:20 下午 Bootstrap logJVM
INFO : JVM Version:		1.8.0_211-b12
10 23, 2022 20:37:20 下午 Bootstrap logJVM
INFO : JVM Vendor:		Oracle Corporation
10 23, 2022 20:38:36 下午 cn.how2j.diytomcat.Bootstrap logJVM
INFO : Server version:		How2J DiyTomcat/1.0.1
10 23, 2022 20:38:36 下午 cn.how2j.diytomcat.Bootstrap logJVM
INFO : Server built:		2020-04-08 10:20:22
10 23, 2022 20:38:36 下午 cn.how2j.diytomcat.Bootstrap logJVM
INFO : Server number:		1.0.1
10 23, 2022 20:38:36 下午 cn.how2j.diytomcat.Bootstrap logJVM
INFO : OS Name	:		Windows 10
10 23, 2022 20:38:36 下午 cn.how2j.diytomcat.Bootstrap logJVM
INFO : OS Version:		10.0
10 23, 2022 20:38:36 下午 cn.how2j.diytomcat.Bootstrap logJVM
INFO : Architecture:		amd64
10 23, 2022 20:38:36 下午 cn.how2j.diytomcat.Bootstrap logJVM
INFO : Java Home:		D:\Eclipse\Java\jdk1.8.0_211\jre
10 23, 2022 20:38:36 下午 cn.how2j.diytomcat.Bootstrap logJVM
INFO : JVM Version:		1.8.0_211-b12
10 23, 2022 20:38:36 下午 cn.how2j.diytomcat.Bootstrap logJVM
INFO : JVM Vendor:		Oracle Corporation
