11 17, 2022 00:57:05 上午 cn.how2j.diytomcat.catalina.Context <init>
INFO : Deploying web application directory D:\diytomcat\webapps\a
11 17, 2022 00:57:05 上午 cn.how2j.diytomcat.catalina.Context <init>
INFO : Deployment of web application directory D:\diytomcat\webapps\a has finished in 168 ms
11 17, 2022 00:57:05 上午 cn.how2j.diytomcat.catalina.Context <init>
INFO : Deploying web application directory D:\diytomcat\webapps\j2ee
11 17, 2022 00:57:05 上午 cn.how2j.diytomcat.catalina.Context <init>
INFO : Deployment of web application directory D:\diytomcat\webapps\j2ee has finished in 16 ms
11 17, 2022 00:57:05 上午 cn.how2j.diytomcat.catalina.Context <init>
INFO : Deploying web application directory D:\diytomcat\webapps\ROOT
11 17, 2022 00:57:05 上午 cn.how2j.diytomcat.catalina.Context <init>
INFO : Deployment of web application directory D:\diytomcat\webapps\ROOT has finished in 2 ms
11 17, 2022 00:57:05 上午 cn.how2j.diytomcat.catalina.Context <init>
INFO : Deploying web application directory d:/diytomcat/b
11 17, 2022 00:57:05 上午 cn.how2j.diytomcat.catalina.Context <init>
INFO : Deployment of web application directory d:/diytomcat/b has finished in 2 ms
11 17, 2022 00:57:05 上午 cn.how2j.diytomcat.catalina.Context <init>
INFO : Deploying web application directory d:/javaweb/web
11 17, 2022 00:57:14 上午 cn.how2j.diytomcat.catalina.Context <init>
INFO : Deploying web application directory D:\diytomcat\webapps\a
11 17, 2022 00:57:14 上午 cn.how2j.diytomcat.catalina.Context <init>
INFO : Deployment of web application directory D:\diytomcat\webapps\a has finished in 115 ms
11 17, 2022 00:57:14 上午 cn.how2j.diytomcat.catalina.Context <init>
INFO : Deploying web application directory D:\diytomcat\webapps\j2ee
11 17, 2022 00:57:14 上午 cn.how2j.diytomcat.catalina.Context <init>
INFO : Deployment of web application directory D:\diytomcat\webapps\j2ee has finished in 11 ms
11 17, 2022 00:57:14 上午 cn.how2j.diytomcat.catalina.Context <init>
INFO : Deploying web application directory D:\diytomcat\webapps\ROOT
11 17, 2022 00:57:14 上午 cn.how2j.diytomcat.catalina.Context <init>
INFO : Deployment of web application directory D:\diytomcat\webapps\ROOT has finished in 1 ms
11 17, 2022 00:57:14 上午 cn.how2j.diytomcat.catalina.Context <init>
INFO : Deploying web application directory d:/diytomcat/b
11 17, 2022 00:57:14 上午 cn.how2j.diytomcat.catalina.Context <init>
INFO : Deployment of web application directory d:/diytomcat/b has finished in 2 ms
11 17, 2022 00:57:14 上午 cn.how2j.diytomcat.catalina.Context <init>
INFO : Deploying web application directory d:/javaweb/web
11 17, 2022 00:58:17 上午 cn.how2j.diytomcat.catalina.Context <init>
INFO : Deploying web application directory D:\diytomcat\webapps\a
11 17, 2022 00:58:17 上午 cn.how2j.diytomcat.catalina.Context <init>
INFO : Deployment of web application directory D:\diytomcat\webapps\a has finished in 115 ms
11 17, 2022 00:58:17 上午 cn.how2j.diytomcat.catalina.Context <init>
INFO : Deploying web application directory D:\diytomcat\webapps\j2ee
11 17, 2022 00:58:17 上午 cn.how2j.diytomcat.catalina.Context <init>
INFO : Deployment of web application directory D:\diytomcat\webapps\j2ee has finished in 9 ms
11 17, 2022 00:58:17 上午 cn.how2j.diytomcat.catalina.Context <init>
INFO : Deploying web application directory D:\diytomcat\webapps\ROOT
11 17, 2022 00:58:17 上午 cn.how2j.diytomcat.catalina.Context <init>
INFO : Deployment of web application directory D:\diytomcat\webapps\ROOT has finished in 2 ms
11 17, 2022 00:58:17 上午 cn.how2j.diytomcat.catalina.Context <init>
INFO : Deploying web application directory d:/diytomcat/b
11 17, 2022 00:58:17 上午 cn.how2j.diytomcat.catalina.Context <init>
INFO : Deployment of web application directory d:/diytomcat/b has finished in 1 ms
11 17, 2022 00:58:17 上午 cn.how2j.diytomcat.catalina.Context <init>
INFO : Deploying web application directory d:/javaweb/web
11 17, 2022 01:01:11 上午 cn.how2j.diytomcat.catalina.Context <init>
INFO : Deploying web application directory D:\diytomcat\webapps\a
11 17, 2022 01:01:11 上午 cn.how2j.diytomcat.catalina.Context <init>
INFO : Deployment of web application directory D:\diytomcat\webapps\a has finished in 109 ms
11 17, 2022 01:01:11 上午 cn.how2j.diytomcat.catalina.Context <init>
INFO : Deploying web application directory D:\diytomcat\webapps\j2ee
11 17, 2022 01:01:11 上午 cn.how2j.diytomcat.catalina.Context <init>
INFO : Deployment of web application directory D:\diytomcat\webapps\j2ee has finished in 10 ms
11 17, 2022 01:01:11 上午 cn.how2j.diytomcat.catalina.Context <init>
INFO : Deploying web application directory D:\diytomcat\webapps\ROOT
11 17, 2022 01:01:11 上午 cn.how2j.diytomcat.catalina.Context <init>
INFO : Deployment of web application directory D:\diytomcat\webapps\ROOT has finished in 2 ms
11 17, 2022 01:01:11 上午 cn.how2j.diytomcat.catalina.Context <init>
INFO : Deploying web application directory d:/diytomcat/b
11 17, 2022 01:01:11 上午 cn.how2j.diytomcat.catalina.Context <init>
INFO : Deployment of web application directory d:/diytomcat/b has finished in 2 ms
11 17, 2022 01:01:11 上午 cn.how2j.diytomcat.catalina.Context <init>
INFO : Deploying web application directory d:/javaweb/web
11 17, 2022 01:01:11 上午 cn.how2j.diytomcat.catalina.Context <init>
INFO : Deployment of web application directory d:/javaweb/web has finished in 27 ms
11 17, 2022 01:01:11 上午 cn.how2j.diytomcat.catalina.Server logJVM
INFO : Server version:		How2J DiyTomcat/1.0.1
11 17, 2022 01:01:11 上午 cn.how2j.diytomcat.catalina.Server logJVM
INFO : Server built:		2020-04-08 10:20:22
11 17, 2022 01:01:11 上午 cn.how2j.diytomcat.catalina.Server logJVM
INFO : Server number:		1.0.1
11 17, 2022 01:01:11 上午 cn.how2j.diytomcat.catalina.Server logJVM
INFO : OS Name	:		Windows 10
11 17, 2022 01:01:11 上午 cn.how2j.diytomcat.catalina.Server logJVM
INFO : OS Version:		10.0
11 17, 2022 01:01:11 上午 cn.how2j.diytomcat.catalina.Server logJVM
INFO : Architecture:		amd64
11 17, 2022 01:01:11 上午 cn.how2j.diytomcat.catalina.Server logJVM
INFO : Java Home:		D:\Eclipse\Java\jdk1.8.0_211\jre
11 17, 2022 01:01:11 上午 cn.how2j.diytomcat.catalina.Server logJVM
INFO : JVM Version:		1.8.0_211-b12
11 17, 2022 01:01:11 上午 cn.how2j.diytomcat.catalina.Server logJVM
INFO : JVM Vendor:		Oracle Corporation
11 17, 2022 01:01:11 上午 cn.how2j.diytomcat.catalina.Connector init
INFO : Initializing ProtocolHandler [http-bio-18080]
11 17, 2022 01:01:11 上午 cn.how2j.diytomcat.catalina.Connector init
INFO : Initializing ProtocolHandler [http-bio-18081]
11 17, 2022 01:01:11 上午 cn.how2j.diytomcat.catalina.Connector init
INFO : Initializing ProtocolHandler [http-bio-18082]
11 17, 2022 01:01:11 上午 cn.how2j.diytomcat.catalina.Service init
INFO : Initialization processed in 1 ms
11 17, 2022 01:01:11 上午 cn.how2j.diytomcat.catalina.Connector start
INFO : Starting ProtocolHandler [http-bio-18080]
11 17, 2022 01:01:11 上午 cn.how2j.diytomcat.catalina.Connector start
INFO : Starting ProtocolHandler [http-bio-18081]
11 17, 2022 01:01:11 上午 cn.how2j.diytomcat.catalina.Connector start
INFO : Starting ProtocolHandler [http-bio-18082]
11 17, 2022 01:01:11 上午 cn.how2j.diytomcat.catalina.Server start
INFO : Server startup in 3 ms
