10 24, 2022 00:01:02 上午 cn.how2j.diytomcat.Bootstrap logJVM
INFO : Server version:		How2J DiyTomcat/1.0.1
10 24, 2022 00:01:02 上午 cn.how2j.diytomcat.Bootstrap logJVM
INFO : Server built:		2020-04-08 10:20:22
10 24, 2022 00:01:02 上午 cn.how2j.diytomcat.Bootstrap logJVM
INFO : Server number:		1.0.1
10 24, 2022 00:01:02 上午 cn.how2j.diytomcat.Bootstrap logJVM
INFO : OS Name	:		Windows 10
10 24, 2022 00:01:02 上午 cn.how2j.diytomcat.Bootstrap logJVM
INFO : OS Version:		10.0
10 24, 2022 00:01:02 上午 cn.how2j.diytomcat.Bootstrap logJVM
INFO : Architecture:		amd64
10 24, 2022 00:01:02 上午 cn.how2j.diytomcat.Bootstrap logJVM
INFO : Java Home:		D:\Eclipse\Java\jdk1.8.0_211\jre
10 24, 2022 00:01:02 上午 cn.how2j.diytomcat.Bootstrap logJVM
INFO : JVM Version:		1.8.0_211-b12
10 24, 2022 00:01:02 上午 cn.how2j.diytomcat.Bootstrap logJVM
INFO : JVM Vendor:		Oracle Corporation
10 24, 2022 00:01:02 上午 cn.how2j.diytomcat.catalina.Context <init>
INFO : Deploying web application directory D:\diytomcat\webapps\a
10 24, 2022 00:01:02 上午 cn.how2j.diytomcat.catalina.Context <init>
INFO : Deployment of web application directory D:\diytomcat\webapps\a has finished in 0 ms
10 24, 2022 00:01:02 上午 cn.how2j.diytomcat.catalina.Context <init>
INFO : Deploying web application directory D:\diytomcat\webapps\ROOT
10 24, 2022 00:01:02 上午 cn.how2j.diytomcat.catalina.Context <init>
INFO : Deployment of web application directory D:\diytomcat\webapps\ROOT has finished in 0 ms
10 24, 2022 00:27:28 上午 cn.how2j.diytomcat.Bootstrap logJVM
INFO : Server version:		How2J DiyTomcat/1.0.1
10 24, 2022 00:27:28 上午 cn.how2j.diytomcat.Bootstrap logJVM
INFO : Server built:		2020-04-08 10:20:22
10 24, 2022 00:27:28 上午 cn.how2j.diytomcat.Bootstrap logJVM
INFO : Server number:		1.0.1
10 24, 2022 00:27:28 上午 cn.how2j.diytomcat.Bootstrap logJVM
INFO : OS Name	:		Windows 10
10 24, 2022 00:27:28 上午 cn.how2j.diytomcat.Bootstrap logJVM
INFO : OS Version:		10.0
10 24, 2022 00:27:28 上午 cn.how2j.diytomcat.Bootstrap logJVM
INFO : Architecture:		amd64
10 24, 2022 00:27:28 上午 cn.how2j.diytomcat.Bootstrap logJVM
INFO : Java Home:		D:\Eclipse\Java\jdk1.8.0_211\jre
10 24, 2022 00:27:28 上午 cn.how2j.diytomcat.Bootstrap logJVM
INFO : JVM Version:		1.8.0_211-b12
10 24, 2022 00:27:28 上午 cn.how2j.diytomcat.Bootstrap logJVM
INFO : JVM Vendor:		Oracle Corporation
10 24, 2022 00:27:28 上午 cn.how2j.diytomcat.catalina.Context <init>
INFO : Deploying web application directory D:\diytomcat\webapps\a
10 24, 2022 00:27:28 上午 cn.how2j.diytomcat.catalina.Context <init>
INFO : Deployment of web application directory D:\diytomcat\webapps\a has finished in 0 ms
10 24, 2022 00:27:28 上午 cn.how2j.diytomcat.catalina.Context <init>
INFO : Deploying web application directory D:\diytomcat\webapps\ROOT
10 24, 2022 00:27:28 上午 cn.how2j.diytomcat.catalina.Context <init>
INFO : Deployment of web application directory D:\diytomcat\webapps\ROOT has finished in 0 ms
10 24, 2022 00:27:28 上午 cn.how2j.diytomcat.catalina.Context <init>
INFO : Deploying web application directory d:/project/diytomcat/b
10 24, 2022 00:27:28 上午 cn.how2j.diytomcat.catalina.Context <init>
INFO : Deployment of web application directory d:/project/diytomcat/b has finished in 1 ms
10 24, 2022 00:28:28 上午 cn.how2j.diytomcat.Bootstrap logJVM
INFO : Server version:		How2J DiyTomcat/1.0.1
10 24, 2022 00:28:28 上午 cn.how2j.diytomcat.Bootstrap logJVM
INFO : Server built:		2020-04-08 10:20:22
10 24, 2022 00:28:28 上午 cn.how2j.diytomcat.Bootstrap logJVM
INFO : Server number:		1.0.1
10 24, 2022 00:28:28 上午 cn.how2j.diytomcat.Bootstrap logJVM
INFO : OS Name	:		Windows 10
10 24, 2022 00:28:28 上午 cn.how2j.diytomcat.Bootstrap logJVM
INFO : OS Version:		10.0
10 24, 2022 00:28:28 上午 cn.how2j.diytomcat.Bootstrap logJVM
INFO : Architecture:		amd64
10 24, 2022 00:28:28 上午 cn.how2j.diytomcat.Bootstrap logJVM
INFO : Java Home:		D:\Eclipse\Java\jdk1.8.0_211\jre
10 24, 2022 00:28:28 上午 cn.how2j.diytomcat.Bootstrap logJVM
INFO : JVM Version:		1.8.0_211-b12
10 24, 2022 00:28:28 上午 cn.how2j.diytomcat.Bootstrap logJVM
INFO : JVM Vendor:		Oracle Corporation
10 24, 2022 00:28:28 上午 cn.how2j.diytomcat.catalina.Context <init>
INFO : Deploying web application directory D:\diytomcat\webapps\a
10 24, 2022 00:28:28 上午 cn.how2j.diytomcat.catalina.Context <init>
INFO : Deployment of web application directory D:\diytomcat\webapps\a has finished in 0 ms
10 24, 2022 00:28:28 上午 cn.how2j.diytomcat.catalina.Context <init>
INFO : Deploying web application directory D:\diytomcat\webapps\ROOT
10 24, 2022 00:28:28 上午 cn.how2j.diytomcat.catalina.Context <init>
INFO : Deployment of web application directory D:\diytomcat\webapps\ROOT has finished in 0 ms
10 24, 2022 00:28:28 上午 cn.how2j.diytomcat.catalina.Context <init>
INFO : Deploying web application directory d:/project/diytomcat/b
10 24, 2022 00:28:28 上午 cn.how2j.diytomcat.catalina.Context <init>
INFO : Deployment of web application directory d:/project/diytomcat/b has finished in 1 ms
10 24, 2022 00:34:56 上午 cn.how2j.diytomcat.Bootstrap logJVM
INFO : Server version:		How2J DiyTomcat/1.0.1
10 24, 2022 00:34:56 上午 cn.how2j.diytomcat.Bootstrap logJVM
INFO : Server built:		2020-04-08 10:20:22
10 24, 2022 00:34:56 上午 cn.how2j.diytomcat.Bootstrap logJVM
INFO : Server number:		1.0.1
10 24, 2022 00:34:56 上午 cn.how2j.diytomcat.Bootstrap logJVM
INFO : OS Name	:		Windows 10
10 24, 2022 00:34:56 上午 cn.how2j.diytomcat.Bootstrap logJVM
INFO : OS Version:		10.0
10 24, 2022 00:34:56 上午 cn.how2j.diytomcat.Bootstrap logJVM
INFO : Architecture:		amd64
10 24, 2022 00:34:56 上午 cn.how2j.diytomcat.Bootstrap logJVM
INFO : Java Home:		D:\Eclipse\Java\jdk1.8.0_211\jre
10 24, 2022 00:34:56 上午 cn.how2j.diytomcat.Bootstrap logJVM
INFO : JVM Version:		1.8.0_211-b12
10 24, 2022 00:34:56 上午 cn.how2j.diytomcat.Bootstrap logJVM
INFO : JVM Vendor:		Oracle Corporation
10 24, 2022 00:34:56 上午 cn.how2j.diytomcat.catalina.Context <init>
INFO : Deploying web application directory D:\diytomcat\webapps\a
10 24, 2022 00:34:56 上午 cn.how2j.diytomcat.catalina.Context <init>
INFO : Deployment of web application directory D:\diytomcat\webapps\a has finished in 1 ms
10 24, 2022 00:34:56 上午 cn.how2j.diytomcat.catalina.Context <init>
INFO : Deploying web application directory D:\diytomcat\webapps\ROOT
10 24, 2022 00:34:56 上午 cn.how2j.diytomcat.catalina.Context <init>
INFO : Deployment of web application directory D:\diytomcat\webapps\ROOT has finished in 0 ms
10 24, 2022 00:34:56 上午 cn.how2j.diytomcat.catalina.Context <init>
INFO : Deploying web application directory d:/project/diytomcat/b
10 24, 2022 00:34:56 上午 cn.how2j.diytomcat.catalina.Context <init>
INFO : Deployment of web application directory d:/project/diytomcat/b has finished in 1 ms
10 24, 2022 00:36:51 上午 cn.how2j.diytomcat.Bootstrap logJVM
INFO : Server version:		How2J DiyTomcat/1.0.1
10 24, 2022 00:36:51 上午 cn.how2j.diytomcat.Bootstrap logJVM
INFO : Server built:		2020-04-08 10:20:22
10 24, 2022 00:36:51 上午 cn.how2j.diytomcat.Bootstrap logJVM
INFO : Server number:		1.0.1
10 24, 2022 00:36:51 上午 cn.how2j.diytomcat.Bootstrap logJVM
INFO : OS Name	:		Windows 10
10 24, 2022 00:36:51 上午 cn.how2j.diytomcat.Bootstrap logJVM
INFO : OS Version:		10.0
10 24, 2022 00:36:51 上午 cn.how2j.diytomcat.Bootstrap logJVM
INFO : Architecture:		amd64
10 24, 2022 00:36:51 上午 cn.how2j.diytomcat.Bootstrap logJVM
INFO : Java Home:		D:\Eclipse\Java\jdk1.8.0_211\jre
10 24, 2022 00:36:51 上午 cn.how2j.diytomcat.Bootstrap logJVM
INFO : JVM Version:		1.8.0_211-b12
10 24, 2022 00:36:51 上午 cn.how2j.diytomcat.Bootstrap logJVM
INFO : JVM Vendor:		Oracle Corporation
10 24, 2022 00:36:51 上午 cn.how2j.diytomcat.catalina.Context <init>
INFO : Deploying web application directory D:\diytomcat\webapps\a
10 24, 2022 00:36:51 上午 cn.how2j.diytomcat.catalina.Context <init>
INFO : Deployment of web application directory D:\diytomcat\webapps\a has finished in 1 ms
10 24, 2022 00:36:51 上午 cn.how2j.diytomcat.catalina.Context <init>
INFO : Deploying web application directory D:\diytomcat\webapps\ROOT
10 24, 2022 00:36:51 上午 cn.how2j.diytomcat.catalina.Context <init>
INFO : Deployment of web application directory D:\diytomcat\webapps\ROOT has finished in 0 ms
10 24, 2022 00:36:51 上午 cn.how2j.diytomcat.catalina.Context <init>
INFO : Deploying web application directory d:/project/diytomcat/b
10 24, 2022 00:36:51 上午 cn.how2j.diytomcat.catalina.Context <init>
INFO : Deployment of web application directory d:/project/diytomcat/b has finished in 0 ms
10 24, 2022 00:38:38 上午 cn.how2j.diytomcat.Bootstrap logJVM
INFO : Server version:		How2J DiyTomcat/1.0.1
10 24, 2022 00:38:38 上午 cn.how2j.diytomcat.Bootstrap logJVM
INFO : Server built:		2020-04-08 10:20:22
10 24, 2022 00:38:38 上午 cn.how2j.diytomcat.Bootstrap logJVM
INFO : Server number:		1.0.1
10 24, 2022 00:38:38 上午 cn.how2j.diytomcat.Bootstrap logJVM
INFO : OS Name	:		Windows 10
10 24, 2022 00:38:38 上午 cn.how2j.diytomcat.Bootstrap logJVM
INFO : OS Version:		10.0
10 24, 2022 00:38:38 上午 cn.how2j.diytomcat.Bootstrap logJVM
INFO : Architecture:		amd64
10 24, 2022 00:38:38 上午 cn.how2j.diytomcat.Bootstrap logJVM
INFO : Java Home:		D:\Eclipse\Java\jdk1.8.0_211\jre
10 24, 2022 00:38:38 上午 cn.how2j.diytomcat.Bootstrap logJVM
INFO : JVM Version:		1.8.0_211-b12
10 24, 2022 00:38:38 上午 cn.how2j.diytomcat.Bootstrap logJVM
INFO : JVM Vendor:		Oracle Corporation
10 24, 2022 00:38:38 上午 cn.how2j.diytomcat.catalina.Context <init>
INFO : Deploying web application directory D:\diytomcat\webapps\a
10 24, 2022 00:38:38 上午 cn.how2j.diytomcat.catalina.Context <init>
INFO : Deployment of web application directory D:\diytomcat\webapps\a has finished in 0 ms
10 24, 2022 00:38:38 上午 cn.how2j.diytomcat.catalina.Context <init>
INFO : Deploying web application directory D:\diytomcat\webapps\ROOT
10 24, 2022 00:38:38 上午 cn.how2j.diytomcat.catalina.Context <init>
INFO : Deployment of web application directory D:\diytomcat\webapps\ROOT has finished in 0 ms
10 24, 2022 00:38:38 上午 cn.how2j.diytomcat.catalina.Context <init>
INFO : Deploying web application directory d:/project/diytomcat/b
10 24, 2022 00:38:38 上午 cn.how2j.diytomcat.catalina.Context <init>
INFO : Deployment of web application directory d:/project/diytomcat/b has finished in 0 ms
10 24, 2022 00:40:54 上午 cn.how2j.diytomcat.Bootstrap logJVM
INFO : Server version:		How2J DiyTomcat/1.0.1
10 24, 2022 00:40:54 上午 cn.how2j.diytomcat.Bootstrap logJVM
INFO : Server built:		2020-04-08 10:20:22
10 24, 2022 00:40:54 上午 cn.how2j.diytomcat.Bootstrap logJVM
INFO : Server number:		1.0.1
10 24, 2022 00:40:54 上午 cn.how2j.diytomcat.Bootstrap logJVM
INFO : OS Name	:		Windows 10
10 24, 2022 00:40:54 上午 cn.how2j.diytomcat.Bootstrap logJVM
INFO : OS Version:		10.0
10 24, 2022 00:40:54 上午 cn.how2j.diytomcat.Bootstrap logJVM
INFO : Architecture:		amd64
10 24, 2022 00:40:54 上午 cn.how2j.diytomcat.Bootstrap logJVM
INFO : Java Home:		D:\Eclipse\Java\jdk1.8.0_211\jre
10 24, 2022 00:40:54 上午 cn.how2j.diytomcat.Bootstrap logJVM
INFO : JVM Version:		1.8.0_211-b12
10 24, 2022 00:40:54 上午 cn.how2j.diytomcat.Bootstrap logJVM
INFO : JVM Vendor:		Oracle Corporation
10 24, 2022 00:40:54 上午 cn.how2j.diytomcat.catalina.Context <init>
INFO : Deploying web application directory D:\diytomcat\webapps\a
10 24, 2022 00:40:54 上午 cn.how2j.diytomcat.catalina.Context <init>
INFO : Deployment of web application directory D:\diytomcat\webapps\a has finished in 0 ms
10 24, 2022 00:40:54 上午 cn.how2j.diytomcat.catalina.Context <init>
INFO : Deploying web application directory D:\diytomcat\webapps\ROOT
10 24, 2022 00:40:54 上午 cn.how2j.diytomcat.catalina.Context <init>
INFO : Deployment of web application directory D:\diytomcat\webapps\ROOT has finished in 0 ms
10 24, 2022 00:40:54 上午 cn.how2j.diytomcat.catalina.Context <init>
INFO : Deploying web application directory d:/diytomcat/b
10 24, 2022 00:40:54 上午 cn.how2j.diytomcat.catalina.Context <init>
INFO : Deployment of web application directory d:/diytomcat/b has finished in 0 ms
10 24, 2022 02:07:41 上午 cn.how2j.diytomcat.Bootstrap logJVM
INFO : Server version:		How2J DiyTomcat/1.0.1
10 24, 2022 02:07:41 上午 cn.how2j.diytomcat.Bootstrap logJVM
INFO : Server built:		2020-04-08 10:20:22
10 24, 2022 02:07:41 上午 cn.how2j.diytomcat.Bootstrap logJVM
INFO : Server number:		1.0.1
10 24, 2022 02:07:41 上午 cn.how2j.diytomcat.Bootstrap logJVM
INFO : OS Name	:		Windows 10
10 24, 2022 02:07:41 上午 cn.how2j.diytomcat.Bootstrap logJVM
INFO : OS Version:		10.0
10 24, 2022 02:07:41 上午 cn.how2j.diytomcat.Bootstrap logJVM
INFO : Architecture:		amd64
10 24, 2022 02:07:41 上午 cn.how2j.diytomcat.Bootstrap logJVM
INFO : Java Home:		D:\Eclipse\Java\jdk1.8.0_211\jre
10 24, 2022 02:07:41 上午 cn.how2j.diytomcat.Bootstrap logJVM
INFO : JVM Version:		1.8.0_211-b12
10 24, 2022 02:07:41 上午 cn.how2j.diytomcat.Bootstrap logJVM
INFO : JVM Vendor:		Oracle Corporation
10 24, 2022 02:07:42 上午 cn.how2j.diytomcat.catalina.Context <init>
INFO : Deploying web application directory D:\diytomcat\webapps\a
10 24, 2022 02:07:42 上午 cn.how2j.diytomcat.catalina.Context <init>
INFO : Deployment of web application directory D:\diytomcat\webapps\a has finished in 0 ms
10 24, 2022 02:07:42 上午 cn.how2j.diytomcat.catalina.Context <init>
INFO : Deploying web application directory D:\diytomcat\webapps\ROOT
10 24, 2022 02:07:42 上午 cn.how2j.diytomcat.catalina.Context <init>
INFO : Deployment of web application directory D:\diytomcat\webapps\ROOT has finished in 0 ms
10 24, 2022 02:07:42 上午 cn.how2j.diytomcat.catalina.Context <init>
INFO : Deploying web application directory d:/diytomcat/b
10 24, 2022 02:07:42 上午 cn.how2j.diytomcat.catalina.Context <init>
INFO : Deployment of web application directory d:/diytomcat/b has finished in 1 ms
10 24, 2022 02:36:13 上午 cn.how2j.diytomcat.Bootstrap logJVM
INFO : Server version:		How2J DiyTomcat/1.0.1
10 24, 2022 02:36:13 上午 cn.how2j.diytomcat.Bootstrap logJVM
INFO : Server built:		2020-04-08 10:20:22
10 24, 2022 02:36:13 上午 cn.how2j.diytomcat.Bootstrap logJVM
INFO : Server number:		1.0.1
10 24, 2022 02:36:13 上午 cn.how2j.diytomcat.Bootstrap logJVM
INFO : OS Name	:		Windows 10
10 24, 2022 02:36:13 上午 cn.how2j.diytomcat.Bootstrap logJVM
INFO : OS Version:		10.0
10 24, 2022 02:36:13 上午 cn.how2j.diytomcat.Bootstrap logJVM
INFO : Architecture:		amd64
10 24, 2022 02:36:13 上午 cn.how2j.diytomcat.Bootstrap logJVM
INFO : Java Home:		D:\Eclipse\Java\jdk1.8.0_211\jre
10 24, 2022 02:36:13 上午 cn.how2j.diytomcat.Bootstrap logJVM
INFO : JVM Version:		1.8.0_211-b12
10 24, 2022 02:36:13 上午 cn.how2j.diytomcat.Bootstrap logJVM
INFO : JVM Vendor:		Oracle Corporation
10 24, 2022 02:36:13 上午 cn.how2j.diytomcat.catalina.Context <init>
INFO : Deploying web application directory D:\diytomcat\webapps\a
10 24, 2022 02:36:13 上午 cn.how2j.diytomcat.catalina.Context <init>
INFO : Deployment of web application directory D:\diytomcat\webapps\a has finished in 0 ms
10 24, 2022 02:36:13 上午 cn.how2j.diytomcat.catalina.Context <init>
INFO : Deploying web application directory D:\diytomcat\webapps\ROOT
10 24, 2022 02:36:13 上午 cn.how2j.diytomcat.catalina.Context <init>
INFO : Deployment of web application directory D:\diytomcat\webapps\ROOT has finished in 0 ms
10 24, 2022 02:36:13 上午 cn.how2j.diytomcat.catalina.Context <init>
INFO : Deploying web application directory d:/diytomcat/b
10 24, 2022 02:36:13 上午 cn.how2j.diytomcat.catalina.Context <init>
INFO : Deployment of web application directory d:/diytomcat/b has finished in 0 ms
10 24, 2022 16:59:05 下午 cn.how2j.diytomcat.catalina.Context <init>
INFO : Deploying web application directory D:\diytomcat\webapps\a
10 24, 2022 16:59:05 下午 cn.how2j.diytomcat.catalina.Context <init>
INFO : Deployment of web application directory D:\diytomcat\webapps\a has finished in 122 ms
10 24, 2022 16:59:05 下午 cn.how2j.diytomcat.catalina.Context <init>
INFO : Deploying web application directory D:\diytomcat\webapps\ROOT
10 24, 2022 16:59:05 下午 cn.how2j.diytomcat.catalina.Context <init>
INFO : Deployment of web application directory D:\diytomcat\webapps\ROOT has finished in 0 ms
10 24, 2022 16:59:05 下午 cn.how2j.diytomcat.catalina.Context <init>
INFO : Deploying web application directory d:/project/diytomcat/b
10 24, 2022 16:59:05 下午 cn.how2j.diytomcat.catalina.Context <init>
INFO : Deployment of web application directory d:/project/diytomcat/b has finished in 0 ms
10 24, 2022 16:59:05 下午 cn.how2j.diytomcat.catalina.Server logJVM
INFO : Server version:		How2J DiyTomcat/1.0.1
10 24, 2022 16:59:05 下午 cn.how2j.diytomcat.catalina.Server logJVM
INFO : Server built:		2020-04-08 10:20:22
10 24, 2022 16:59:05 下午 cn.how2j.diytomcat.catalina.Server logJVM
INFO : Server number:		1.0.1
10 24, 2022 16:59:05 下午 cn.how2j.diytomcat.catalina.Server logJVM
INFO : OS Name	:		Windows 10
10 24, 2022 16:59:05 下午 cn.how2j.diytomcat.catalina.Server logJVM
INFO : OS Version:		10.0
10 24, 2022 16:59:05 下午 cn.how2j.diytomcat.catalina.Server logJVM
INFO : Architecture:		amd64
10 24, 2022 16:59:05 下午 cn.how2j.diytomcat.catalina.Server logJVM
INFO : Java Home:		D:\Eclipse\Java\jdk1.8.0_211\jre
10 24, 2022 16:59:05 下午 cn.how2j.diytomcat.catalina.Server logJVM
INFO : JVM Version:		1.8.0_211-b12
10 24, 2022 16:59:05 下午 cn.how2j.diytomcat.catalina.Server logJVM
INFO : JVM Vendor:		Oracle Corporation
10 24, 2022 16:59:51 下午 cn.how2j.diytomcat.catalina.Context <init>
INFO : Deploying web application directory D:\diytomcat\webapps\a
10 24, 2022 16:59:51 下午 cn.how2j.diytomcat.catalina.Context <init>
INFO : Deployment of web application directory D:\diytomcat\webapps\a has finished in 76 ms
10 24, 2022 16:59:51 下午 cn.how2j.diytomcat.catalina.Context <init>
INFO : Deploying web application directory D:\diytomcat\webapps\ROOT
10 24, 2022 16:59:51 下午 cn.how2j.diytomcat.catalina.Context <init>
INFO : Deployment of web application directory D:\diytomcat\webapps\ROOT has finished in 0 ms
10 24, 2022 16:59:51 下午 cn.how2j.diytomcat.catalina.Context <init>
INFO : Deploying web application directory d:/diytomcat/b
10 24, 2022 16:59:51 下午 cn.how2j.diytomcat.catalina.Context <init>
INFO : Deployment of web application directory d:/diytomcat/b has finished in 0 ms
10 24, 2022 16:59:51 下午 cn.how2j.diytomcat.catalina.Server logJVM
INFO : Server version:		How2J DiyTomcat/1.0.1
10 24, 2022 16:59:51 下午 cn.how2j.diytomcat.catalina.Server logJVM
INFO : Server built:		2020-04-08 10:20:22
10 24, 2022 16:59:51 下午 cn.how2j.diytomcat.catalina.Server logJVM
INFO : Server number:		1.0.1
10 24, 2022 16:59:51 下午 cn.how2j.diytomcat.catalina.Server logJVM
INFO : OS Name	:		Windows 10
10 24, 2022 16:59:51 下午 cn.how2j.diytomcat.catalina.Server logJVM
INFO : OS Version:		10.0
10 24, 2022 16:59:51 下午 cn.how2j.diytomcat.catalina.Server logJVM
INFO : Architecture:		amd64
10 24, 2022 16:59:51 下午 cn.how2j.diytomcat.catalina.Server logJVM
INFO : Java Home:		D:\Eclipse\Java\jdk1.8.0_211\jre
10 24, 2022 16:59:51 下午 cn.how2j.diytomcat.catalina.Server logJVM
INFO : JVM Version:		1.8.0_211-b12
10 24, 2022 16:59:51 下午 cn.how2j.diytomcat.catalina.Server logJVM
INFO : JVM Vendor:		Oracle Corporation
10 24, 2022 17:12:17 下午 cn.how2j.diytomcat.catalina.Context <init>
INFO : Deploying web application directory D:\diytomcat\webapps\a
10 24, 2022 17:12:17 下午 cn.how2j.diytomcat.catalina.Context <init>
INFO : Deployment of web application directory D:\diytomcat\webapps\a has finished in 78 ms
10 24, 2022 17:12:17 下午 cn.how2j.diytomcat.catalina.Context <init>
INFO : Deploying web application directory D:\diytomcat\webapps\ROOT
10 24, 2022 17:12:17 下午 cn.how2j.diytomcat.catalina.Context <init>
INFO : Deployment of web application directory D:\diytomcat\webapps\ROOT has finished in 0 ms
10 24, 2022 17:12:17 下午 cn.how2j.diytomcat.catalina.Context <init>
INFO : Deploying web application directory d:/diytomcat/b
10 24, 2022 17:12:17 下午 cn.how2j.diytomcat.catalina.Context <init>
INFO : Deployment of web application directory d:/diytomcat/b has finished in 1 ms
10 24, 2022 17:12:17 下午 cn.how2j.diytomcat.catalina.Server logJVM
INFO : Server version:		How2J DiyTomcat/1.0.1
10 24, 2022 17:12:17 下午 cn.how2j.diytomcat.catalina.Server logJVM
INFO : Server built:		2020-04-08 10:20:22
10 24, 2022 17:12:17 下午 cn.how2j.diytomcat.catalina.Server logJVM
INFO : Server number:		1.0.1
10 24, 2022 17:12:17 下午 cn.how2j.diytomcat.catalina.Server logJVM
INFO : OS Name	:		Windows 10
10 24, 2022 17:12:17 下午 cn.how2j.diytomcat.catalina.Server logJVM
INFO : OS Version:		10.0
10 24, 2022 17:12:17 下午 cn.how2j.diytomcat.catalina.Server logJVM
INFO : Architecture:		amd64
10 24, 2022 17:12:17 下午 cn.how2j.diytomcat.catalina.Server logJVM
INFO : Java Home:		D:\Eclipse\Java\jdk1.8.0_211\jre
10 24, 2022 17:12:17 下午 cn.how2j.diytomcat.catalina.Server logJVM
INFO : JVM Version:		1.8.0_211-b12
10 24, 2022 17:12:17 下午 cn.how2j.diytomcat.catalina.Server logJVM
INFO : JVM Vendor:		Oracle Corporation
10 24, 2022 17:18:04 下午 cn.how2j.diytomcat.catalina.Context <init>
INFO : Deploying web application directory D:\diytomcat\webapps\a
10 24, 2022 17:18:04 下午 cn.how2j.diytomcat.catalina.Context <init>
INFO : Deployment of web application directory D:\diytomcat\webapps\a has finished in 79 ms
10 24, 2022 17:18:04 下午 cn.how2j.diytomcat.catalina.Context <init>
INFO : Deploying web application directory D:\diytomcat\webapps\ROOT
10 24, 2022 17:18:04 下午 cn.how2j.diytomcat.catalina.Context <init>
INFO : Deployment of web application directory D:\diytomcat\webapps\ROOT has finished in 0 ms
10 24, 2022 17:18:04 下午 cn.how2j.diytomcat.catalina.Context <init>
INFO : Deploying web application directory d:/diytomcat/b
10 24, 2022 17:18:04 下午 cn.how2j.diytomcat.catalina.Context <init>
INFO : Deployment of web application directory d:/diytomcat/b has finished in 0 ms
10 24, 2022 17:18:04 下午 cn.how2j.diytomcat.catalina.Server logJVM
INFO : Server version:		How2J DiyTomcat/1.0.1
10 24, 2022 17:18:04 下午 cn.how2j.diytomcat.catalina.Server logJVM
INFO : Server built:		2020-04-08 10:20:22
10 24, 2022 17:18:04 下午 cn.how2j.diytomcat.catalina.Server logJVM
INFO : Server number:		1.0.1
10 24, 2022 17:18:04 下午 cn.how2j.diytomcat.catalina.Server logJVM
INFO : OS Name	:		Windows 10
10 24, 2022 17:18:04 下午 cn.how2j.diytomcat.catalina.Server logJVM
INFO : OS Version:		10.0
10 24, 2022 17:18:04 下午 cn.how2j.diytomcat.catalina.Server logJVM
INFO : Architecture:		amd64
10 24, 2022 17:18:04 下午 cn.how2j.diytomcat.catalina.Server logJVM
INFO : Java Home:		D:\Eclipse\Java\jdk1.8.0_211\jre
10 24, 2022 17:18:04 下午 cn.how2j.diytomcat.catalina.Server logJVM
INFO : JVM Version:		1.8.0_211-b12
10 24, 2022 17:18:04 下午 cn.how2j.diytomcat.catalina.Server logJVM
INFO : JVM Vendor:		Oracle Corporation
10 24, 2022 17:18:11 下午 cn.how2j.diytomcat.catalina.Server$1 error
ERROR: this is a deliberately created exception
java.lang.Exception: this is a deliberately created exception
	at cn.how2j.diytomcat.catalina.Server$1.run(Server.java:55)
	at java.util.concurrent.ThreadPoolExecutor.runWorker(ThreadPoolExecutor.java:1149)
	at java.util.concurrent.ThreadPoolExecutor$Worker.run(ThreadPoolExecutor.java:624)
	at java.lang.Thread.run(Thread.java:748)
10 24, 2022 17:39:35 下午 cn.how2j.diytomcat.catalina.Context <init>
INFO : Deploying web application directory D:\diytomcat\webapps\a
10 24, 2022 17:39:35 下午 cn.how2j.diytomcat.catalina.Context <init>
INFO : Deployment of web application directory D:\diytomcat\webapps\a has finished in 82 ms
10 24, 2022 17:39:35 下午 cn.how2j.diytomcat.catalina.Context <init>
INFO : Deploying web application directory D:\diytomcat\webapps\ROOT
10 24, 2022 17:39:35 下午 cn.how2j.diytomcat.catalina.Context <init>
INFO : Deployment of web application directory D:\diytomcat\webapps\ROOT has finished in 0 ms
10 24, 2022 17:39:35 下午 cn.how2j.diytomcat.catalina.Context <init>
INFO : Deploying web application directory d:/diytomcat/b
10 24, 2022 17:39:35 下午 cn.how2j.diytomcat.catalina.Context <init>
INFO : Deployment of web application directory d:/diytomcat/b has finished in 1 ms
10 24, 2022 17:39:35 下午 cn.how2j.diytomcat.catalina.Server logJVM
INFO : Server version:		How2J DiyTomcat/1.0.1
10 24, 2022 17:39:35 下午 cn.how2j.diytomcat.catalina.Server logJVM
INFO : Server built:		2020-04-08 10:20:22
10 24, 2022 17:39:35 下午 cn.how2j.diytomcat.catalina.Server logJVM
INFO : Server number:		1.0.1
10 24, 2022 17:39:35 下午 cn.how2j.diytomcat.catalina.Server logJVM
INFO : OS Name	:		Windows 10
10 24, 2022 17:39:35 下午 cn.how2j.diytomcat.catalina.Server logJVM
INFO : OS Version:		10.0
10 24, 2022 17:39:35 下午 cn.how2j.diytomcat.catalina.Server logJVM
INFO : Architecture:		amd64
10 24, 2022 17:39:35 下午 cn.how2j.diytomcat.catalina.Server logJVM
INFO : Java Home:		D:\Eclipse\Java\jdk1.8.0_211\jre
10 24, 2022 17:39:35 下午 cn.how2j.diytomcat.catalina.Server logJVM
INFO : JVM Version:		1.8.0_211-b12
10 24, 2022 17:39:35 下午 cn.how2j.diytomcat.catalina.Server logJVM
INFO : JVM Vendor:		Oracle Corporation
10 24, 2022 17:39:47 下午 cn.how2j.diytomcat.catalina.Server$1 error
ERROR: this is a deliberately created exception
java.lang.Exception: this is a deliberately created exception
	at cn.how2j.diytomcat.catalina.Server$1.run(Server.java:56)
	at java.util.concurrent.ThreadPoolExecutor.runWorker(ThreadPoolExecutor.java:1149)
	at java.util.concurrent.ThreadPoolExecutor$Worker.run(ThreadPoolExecutor.java:624)
	at java.lang.Thread.run(Thread.java:748)
10 24, 2022 17:41:25 下午 cn.how2j.diytomcat.catalina.Context <init>
INFO : Deploying web application directory D:\diytomcat\webapps\a
10 24, 2022 17:41:25 下午 cn.how2j.diytomcat.catalina.Context <init>
INFO : Deployment of web application directory D:\diytomcat\webapps\a has finished in 78 ms
10 24, 2022 17:41:25 下午 cn.how2j.diytomcat.catalina.Context <init>
INFO : Deploying web application directory D:\diytomcat\webapps\ROOT
10 24, 2022 17:41:25 下午 cn.how2j.diytomcat.catalina.Context <init>
INFO : Deployment of web application directory D:\diytomcat\webapps\ROOT has finished in 0 ms
10 24, 2022 17:41:25 下午 cn.how2j.diytomcat.catalina.Context <init>
INFO : Deploying web application directory d:/diytomcat/b
10 24, 2022 17:41:25 下午 cn.how2j.diytomcat.catalina.Context <init>
INFO : Deployment of web application directory d:/diytomcat/b has finished in 0 ms
10 24, 2022 17:41:25 下午 cn.how2j.diytomcat.catalina.Server logJVM
INFO : Server version:		How2J DiyTomcat/1.0.1
10 24, 2022 17:41:25 下午 cn.how2j.diytomcat.catalina.Server logJVM
INFO : Server built:		2020-04-08 10:20:22
10 24, 2022 17:41:25 下午 cn.how2j.diytomcat.catalina.Server logJVM
INFO : Server number:		1.0.1
10 24, 2022 17:41:25 下午 cn.how2j.diytomcat.catalina.Server logJVM
INFO : OS Name	:		Windows 10
10 24, 2022 17:41:25 下午 cn.how2j.diytomcat.catalina.Server logJVM
INFO : OS Version:		10.0
10 24, 2022 17:41:25 下午 cn.how2j.diytomcat.catalina.Server logJVM
INFO : Architecture:		amd64
10 24, 2022 17:41:25 下午 cn.how2j.diytomcat.catalina.Server logJVM
INFO : Java Home:		D:\Eclipse\Java\jdk1.8.0_211\jre
10 24, 2022 17:41:25 下午 cn.how2j.diytomcat.catalina.Server logJVM
INFO : JVM Version:		1.8.0_211-b12
10 24, 2022 17:41:25 下午 cn.how2j.diytomcat.catalina.Server logJVM
INFO : JVM Vendor:		Oracle Corporation
10 24, 2022 17:41:39 下午 cn.how2j.diytomcat.catalina.Server$1 error
ERROR: this is a deliberately created exception
java.lang.Exception: this is a deliberately created exception
	at cn.how2j.diytomcat.catalina.Server$1.run(Server.java:56)
	at java.util.concurrent.ThreadPoolExecutor.runWorker(ThreadPoolExecutor.java:1149)
	at java.util.concurrent.ThreadPoolExecutor$Worker.run(ThreadPoolExecutor.java:624)
	at java.lang.Thread.run(Thread.java:748)
