10 30, 2022 13:36:42 下午 cn.how2j.diytomcat.catalina.Context deploy
INFO : Deploying web application directory D:\diytomcat\webapps\a
10 30, 2022 13:36:42 下午 cn.how2j.diytomcat.catalina.Context deploy
INFO : Deployment of web application directory D:\diytomcat\webapps\a has finished in 118 ms
10 30, 2022 13:36:42 下午 cn.how2j.diytomcat.catalina.Context deploy
INFO : Deploying web application directory D:\diytomcat\webapps\j2ee
10 30, 2022 13:36:42 下午 cn.how2j.diytomcat.catalina.Context deploy
INFO : Deployment of web application directory D:\diytomcat\webapps\j2ee has finished in 8 ms
10 30, 2022 13:36:42 下午 cn.how2j.diytomcat.catalina.Context deploy
INFO : Deploying web application directory D:\diytomcat\webapps\ROOT
10 30, 2022 13:36:42 下午 cn.how2j.diytomcat.catalina.Context deploy
INFO : Deployment of web application directory D:\diytomcat\webapps\ROOT has finished in 1 ms
10 30, 2022 13:36:42 下午 cn.how2j.diytomcat.catalina.Context deploy
INFO : Deploying web application directory d:/diytomcat/b
10 30, 2022 13:36:42 下午 cn.how2j.diytomcat.catalina.Context deploy
INFO : Deployment of web application directory d:/diytomcat/b has finished in 0 ms
10 30, 2022 13:36:42 下午 cn.how2j.diytomcat.catalina.Server logJVM
INFO : Server version:		How2J DiyTomcat/1.0.1
10 30, 2022 13:36:42 下午 cn.how2j.diytomcat.catalina.Server logJVM
INFO : Server built:		2020-04-08 10:20:22
10 30, 2022 13:36:42 下午 cn.how2j.diytomcat.catalina.Server logJVM
INFO : Server number:		1.0.1
10 30, 2022 13:36:42 下午 cn.how2j.diytomcat.catalina.Server logJVM
INFO : OS Name	:		Windows 10
10 30, 2022 13:36:42 下午 cn.how2j.diytomcat.catalina.Server logJVM
INFO : OS Version:		10.0
10 30, 2022 13:36:42 下午 cn.how2j.diytomcat.catalina.Server logJVM
INFO : Architecture:		amd64
10 30, 2022 13:36:42 下午 cn.how2j.diytomcat.catalina.Server logJVM
INFO : Java Home:		D:\Eclipse\Java\jdk1.8.0_211\jre
10 30, 2022 13:36:42 下午 cn.how2j.diytomcat.catalina.Server logJVM
INFO : JVM Version:		1.8.0_211-b12
10 30, 2022 13:36:42 下午 cn.how2j.diytomcat.catalina.Server logJVM
INFO : JVM Vendor:		Oracle Corporation
10 30, 2022 13:36:42 下午 cn.how2j.diytomcat.catalina.Connector init
INFO : Initializing ProtocolHandler [http-bio-18080]
10 30, 2022 13:36:42 下午 cn.how2j.diytomcat.catalina.Connector init
INFO : Initializing ProtocolHandler [http-bio-18081]
10 30, 2022 13:36:42 下午 cn.how2j.diytomcat.catalina.Connector init
INFO : Initializing ProtocolHandler [http-bio-18082]
10 30, 2022 13:36:42 下午 cn.how2j.diytomcat.catalina.Service init
INFO : Initialization processed in 0 ms
10 30, 2022 13:36:42 下午 cn.how2j.diytomcat.catalina.Connector start
INFO : Starting ProtocolHandler [http-bio-18080]
10 30, 2022 13:36:42 下午 cn.how2j.diytomcat.catalina.Connector start
INFO : Starting ProtocolHandler [http-bio-18081]
10 30, 2022 13:36:42 下午 cn.how2j.diytomcat.catalina.Connector start
INFO : Starting ProtocolHandler [http-bio-18082]
10 30, 2022 13:36:42 下午 cn.how2j.diytomcat.catalina.Server start
INFO : Server startup in 4 ms
10 30, 2022 13:36:55 下午 cn.how2j.diytomcat.catalina.HttpProcessor error
ERROR: this is a deliberately created exception
java.lang.Exception: this is a deliberately created exception
	at cn.how2j.diytomcat.catalina.HttpProcessor.execute(HttpProcessor.java:39)
	at cn.how2j.diytomcat.catalina.Connector$1.run(Connector.java:40)
	at java.util.concurrent.ThreadPoolExecutor.runWorker(ThreadPoolExecutor.java:1149)
	at java.util.concurrent.ThreadPoolExecutor$Worker.run(ThreadPoolExecutor.java:624)
	at java.lang.Thread.run(Thread.java:748)
10 30, 2022 13:58:03 下午 cn.how2j.diytomcat.catalina.Context deploy
INFO : Deploying web application directory D:\diytomcat\webapps\a
10 30, 2022 13:58:03 下午 cn.how2j.diytomcat.catalina.Context deploy
INFO : Deployment of web application directory D:\diytomcat\webapps\a has finished in 100 ms
10 30, 2022 13:58:03 下午 cn.how2j.diytomcat.catalina.Context deploy
INFO : Deploying web application directory D:\diytomcat\webapps\j2ee
10 30, 2022 13:58:03 下午 cn.how2j.diytomcat.catalina.Context deploy
INFO : Deployment of web application directory D:\diytomcat\webapps\j2ee has finished in 3 ms
10 30, 2022 13:58:03 下午 cn.how2j.diytomcat.catalina.Context deploy
INFO : Deploying web application directory D:\diytomcat\webapps\ROOT
10 30, 2022 13:58:03 下午 cn.how2j.diytomcat.catalina.Context deploy
INFO : Deployment of web application directory D:\diytomcat\webapps\ROOT has finished in 0 ms
10 30, 2022 13:58:03 下午 cn.how2j.diytomcat.catalina.Context deploy
INFO : Deploying web application directory d:/diytomcat/b
10 30, 2022 13:58:03 下午 cn.how2j.diytomcat.catalina.Context deploy
INFO : Deployment of web application directory d:/diytomcat/b has finished in 0 ms
10 30, 2022 13:58:03 下午 cn.how2j.diytomcat.catalina.Server logJVM
INFO : Server version:		How2J DiyTomcat/1.0.1
10 30, 2022 13:58:03 下午 cn.how2j.diytomcat.catalina.Server logJVM
INFO : Server built:		2020-04-08 10:20:22
10 30, 2022 13:58:03 下午 cn.how2j.diytomcat.catalina.Server logJVM
INFO : Server number:		1.0.1
10 30, 2022 13:58:03 下午 cn.how2j.diytomcat.catalina.Server logJVM
INFO : OS Name	:		Windows 10
10 30, 2022 13:58:03 下午 cn.how2j.diytomcat.catalina.Server logJVM
INFO : OS Version:		10.0
10 30, 2022 13:58:03 下午 cn.how2j.diytomcat.catalina.Server logJVM
INFO : Architecture:		amd64
10 30, 2022 13:58:03 下午 cn.how2j.diytomcat.catalina.Server logJVM
INFO : Java Home:		D:\Eclipse\Java\jdk1.8.0_211\jre
10 30, 2022 13:58:03 下午 cn.how2j.diytomcat.catalina.Server logJVM
INFO : JVM Version:		1.8.0_211-b12
10 30, 2022 13:58:03 下午 cn.how2j.diytomcat.catalina.Server logJVM
INFO : JVM Vendor:		Oracle Corporation
10 30, 2022 13:58:03 下午 cn.how2j.diytomcat.catalina.Connector init
INFO : Initializing ProtocolHandler [http-bio-18080]
10 30, 2022 13:58:03 下午 cn.how2j.diytomcat.catalina.Connector init
INFO : Initializing ProtocolHandler [http-bio-18081]
10 30, 2022 13:58:03 下午 cn.how2j.diytomcat.catalina.Connector init
INFO : Initializing ProtocolHandler [http-bio-18082]
10 30, 2022 13:58:03 下午 cn.how2j.diytomcat.catalina.Service init
INFO : Initialization processed in 1 ms
10 30, 2022 13:58:03 下午 cn.how2j.diytomcat.catalina.Connector start
INFO : Starting ProtocolHandler [http-bio-18080]
10 30, 2022 13:58:03 下午 cn.how2j.diytomcat.catalina.Connector start
INFO : Starting ProtocolHandler [http-bio-18081]
10 30, 2022 13:58:03 下午 cn.how2j.diytomcat.catalina.Connector start
INFO : Starting ProtocolHandler [http-bio-18082]
10 30, 2022 13:58:03 下午 cn.how2j.diytomcat.catalina.Server start
INFO : Server startup in 6 ms
10 30, 2022 13:58:09 下午 cn.how2j.diytomcat.catalina.HttpProcessor error
ERROR: this is a deliberately created exception
java.lang.RuntimeException: this is a deliberately created exception
	at cn.how2j.diytomcat.servlets.DefaultServlet.service(DefaultServlet.java:40)
	at cn.how2j.diytomcat.catalina.HttpProcessor.execute(HttpProcessor.java:39)
	at cn.how2j.diytomcat.catalina.Connector$1.run(Connector.java:40)
	at java.util.concurrent.ThreadPoolExecutor.runWorker(ThreadPoolExecutor.java:1149)
	at java.util.concurrent.ThreadPoolExecutor$Worker.run(ThreadPoolExecutor.java:624)
	at java.lang.Thread.run(Thread.java:748)
